This file contains any messages produced by compilers while
running configure, to aid debugging if configure makes a mistake.

It was created by Bunkercoin Core configure 1.0.0, which was
generated by GNU Autoconf 2.69.  Invocation command line was

  $ ./configure --with-incompatible-bdb --no-create --no-recursion

## --------- ##
## Platform. ##
## --------- ##

hostname = the-terminal
uname -m = x86_64
uname -r = 5.4.0-80-generic
uname -s = Linux
uname -v = #90~18.04.1-Ubuntu SMP Tue Jul 13 19:40:02 UTC 2021

/usr/bin/uname -p = unknown
/bin/uname -X     = unknown

/bin/arch              = unknown
/usr/bin/arch -k       = unknown
/usr/convex/getsysinfo = unknown
/usr/bin/hostinfo      = unknown
/bin/machine           = unknown
/usr/bin/oslevel       = unknown
/bin/universe          = unknown

PATH: /home/matthew/pebble-dev/pebble-sdk-4.5-linux64/bin
PATH: ~pebble-sdk/bin
PATH: /home/matthew/pebble-dev/pebble-sdk/bin
PATH: /home/matthew/.local/bin
PATH: /usr/local/sbin
PATH: /usr/local/bin
PATH: /usr/sbin
PATH: /usr/bin
PATH: /sbin
PATH: /bin
PATH: /usr/games
PATH: /usr/local/games
PATH: /snap/bin
PATH: /home/matthew/.dotnet/tools
PATH: /usr/lib/jvm/java-16-oracle/bin
PATH: /usr/lib/jvm/java-16-oracle/db/bin


## ----------- ##
## Core tests. ##
## ----------- ##

configure:2623: checking build system type
configure:2637: result: x86_64-pc-linux-gnu
configure:2657: checking host system type
configure:2670: result: x86_64-pc-linux-gnu
configure:2811: checking for a BSD-compatible install
configure:2879: result: /usr/bin/install -c
configure:2890: checking whether build environment is sane
configure:2945: result: yes
configure:3096: checking for a thread-safe mkdir -p
configure:3135: result: /bin/mkdir -p
configure:3142: checking for gawk
configure:3172: result: no
configure:3142: checking for mawk
configure:3158: found /usr/bin/mawk
configure:3169: result: mawk
configure:3180: checking whether make sets $(MAKE)
configure:3202: result: yes
configure:3231: checking whether make supports nested variables
configure:3248: result: yes
configure:3367: checking whether to enable maintainer-specific portions of Makefiles
configure:3376: result: yes
configure:3401: checking whether make supports nested variables
configure:3418: result: yes
configure:3592: checking for g++
configure:3608: found /usr/bin/g++
configure:3619: result: g++
configure:3646: checking for C++ compiler version
configure:3655: g++ --version >&5
g++ (Ubuntu 7.5.0-3ubuntu1~18.04) 7.5.0
Copyright (C) 2017 Free Software Foundation, Inc.
This is free software; see the source for copying conditions.  There is NO
warranty; not even for MERCHANTABILITY or FITNESS FOR A PARTICULAR PURPOSE.

configure:3666: $? = 0
configure:3655: g++ -v >&5
Using built-in specs.
COLLECT_GCC=g++
COLLECT_LTO_WRAPPER=/usr/lib/gcc/x86_64-linux-gnu/7/lto-wrapper
OFFLOAD_TARGET_NAMES=nvptx-none
OFFLOAD_TARGET_DEFAULT=1
Target: x86_64-linux-gnu
Configured with: ../src/configure -v --with-pkgversion='Ubuntu 7.5.0-3ubuntu1~18.04' --with-bugurl=file:///usr/share/doc/gcc-7/README.Bugs --enable-languages=c,ada,c++,go,brig,d,fortran,objc,obj-c++ --prefix=/usr --with-gcc-major-version-only --program-suffix=-7 --program-prefix=x86_64-linux-gnu- --enable-shared --enable-linker-build-id --libexecdir=/usr/lib --without-included-gettext --enable-threads=posix --libdir=/usr/lib --enable-nls --enable-bootstrap --enable-clocale=gnu --enable-libstdcxx-debug --enable-libstdcxx-time=yes --with-default-libstdcxx-abi=new --enable-gnu-unique-object --disable-vtable-verify --enable-libmpx --enable-plugin --enable-default-pie --with-system-zlib --with-target-system-zlib --enable-objc-gc=auto --enable-multiarch --disable-werror --with-arch-32=i686 --with-abi=m64 --with-multilib-list=m32,m64,mx32 --enable-multilib --with-tune=generic --enable-offload-targets=nvptx-none --without-cuda-driver --enable-checking=release --build=x86_64-linux-gnu --host=x86_64-linux-gnu --target=x86_64-linux-gnu
Thread model: posix
gcc version 7.5.0 (Ubuntu 7.5.0-3ubuntu1~18.04) 
configure:3666: $? = 0
configure:3655: g++ -V >&5
g++: error: unrecognized command line option '-V'
g++: fatal error: no input files
compilation terminated.
configure:3666: $? = 1
configure:3655: g++ -qversion >&5
g++: error: unrecognized command line option '-qversion'; did you mean '--version'?
g++: fatal error: no input files
compilation terminated.
configure:3666: $? = 1
configure:3686: checking whether the C++ compiler works
configure:3708: g++    conftest.cpp  >&5
configure:3712: $? = 0
configure:3760: result: yes
configure:3763: checking for C++ compiler default output file name
configure:3765: result: a.out
configure:3771: checking for suffix of executables
configure:3778: g++ -o conftest    conftest.cpp  >&5
configure:3782: $? = 0
configure:3804: result: 
configure:3826: checking whether we are cross compiling
configure:3834: g++ -o conftest    conftest.cpp  >&5
configure:3838: $? = 0
configure:3845: ./conftest
configure:3849: $? = 0
configure:3864: result: no
configure:3869: checking for suffix of object files
configure:3891: g++ -c   conftest.cpp >&5
configure:3895: $? = 0
configure:3916: result: o
configure:3920: checking whether we are using the GNU C++ compiler
configure:3939: g++ -c   conftest.cpp >&5
configure:3939: $? = 0
configure:3948: result: yes
configure:3957: checking whether g++ accepts -g
configure:3977: g++ -c -g  conftest.cpp >&5
configure:3977: $? = 0
configure:4018: result: yes
configure:4052: checking for style of include used by make
configure:4080: result: GNU
configure:4106: checking dependency style of g++
configure:4217: result: gcc3
configure:4280: checking for gcc
configure:4296: found /usr/bin/gcc
configure:4307: result: gcc
configure:4536: checking for C compiler version
configure:4545: gcc --version >&5
gcc (Ubuntu 7.5.0-3ubuntu1~18.04) 7.5.0
Copyright (C) 2017 Free Software Foundation, Inc.
This is free software; see the source for copying conditions.  There is NO
warranty; not even for MERCHANTABILITY or FITNESS FOR A PARTICULAR PURPOSE.

configure:4556: $? = 0
configure:4545: gcc -v >&5
Using built-in specs.
COLLECT_GCC=gcc
COLLECT_LTO_WRAPPER=/usr/lib/gcc/x86_64-linux-gnu/7/lto-wrapper
OFFLOAD_TARGET_NAMES=nvptx-none
OFFLOAD_TARGET_DEFAULT=1
Target: x86_64-linux-gnu
Configured with: ../src/configure -v --with-pkgversion='Ubuntu 7.5.0-3ubuntu1~18.04' --with-bugurl=file:///usr/share/doc/gcc-7/README.Bugs --enable-languages=c,ada,c++,go,brig,d,fortran,objc,obj-c++ --prefix=/usr --with-gcc-major-version-only --program-suffix=-7 --program-prefix=x86_64-linux-gnu- --enable-shared --enable-linker-build-id --libexecdir=/usr/lib --without-included-gettext --enable-threads=posix --libdir=/usr/lib --enable-nls --enable-bootstrap --enable-clocale=gnu --enable-libstdcxx-debug --enable-libstdcxx-time=yes --with-default-libstdcxx-abi=new --enable-gnu-unique-object --disable-vtable-verify --enable-libmpx --enable-plugin --enable-default-pie --with-system-zlib --with-target-system-zlib --enable-objc-gc=auto --enable-multiarch --disable-werror --with-arch-32=i686 --with-abi=m64 --with-multilib-list=m32,m64,mx32 --enable-multilib --with-tune=generic --enable-offload-targets=nvptx-none --without-cuda-driver --enable-checking=release --build=x86_64-linux-gnu --host=x86_64-linux-gnu --target=x86_64-linux-gnu
Thread model: posix
gcc version 7.5.0 (Ubuntu 7.5.0-3ubuntu1~18.04) 
configure:4556: $? = 0
configure:4545: gcc -V >&5
gcc: error: unrecognized command line option '-V'
gcc: fatal error: no input files
compilation terminated.
configure:4556: $? = 1
configure:4545: gcc -qversion >&5
gcc: error: unrecognized command line option '-qversion'; did you mean '--version'?
gcc: fatal error: no input files
compilation terminated.
configure:4556: $? = 1
configure:4560: checking whether we are using the GNU C compiler
configure:4579: gcc -c   conftest.c >&5
configure:4579: $? = 0
configure:4588: result: yes
configure:4597: checking whether gcc accepts -g
configure:4617: gcc -c -g  conftest.c >&5
configure:4617: $? = 0
configure:4658: result: yes
configure:4675: checking for gcc option to accept ISO C89
configure:4738: gcc  -c -g -O2  conftest.c >&5
configure:4738: $? = 0
configure:4751: result: none needed
configure:4776: checking whether gcc understands -c and -o together
configure:4798: gcc -c conftest.c -o conftest2.o
configure:4801: $? = 0
configure:4798: gcc -c conftest.c -o conftest2.o
configure:4801: $? = 0
configure:4813: result: yes
configure:4832: checking dependency style of gcc
configure:4943: result: gcc3
configure:4963: checking how to run the C preprocessor
configure:4994: gcc -E  conftest.c
configure:4994: $? = 0
configure:5008: gcc -E  conftest.c
conftest.c:9:10: fatal error: ac_nonexistent.h: No such file or directory
 #include <ac_nonexistent.h>
          ^~~~~~~~~~~~~~~~~~
compilation terminated.
configure:5008: $? = 1
configure: failed program was:
| /* confdefs.h */
| #define PACKAGE_NAME "Bunkercoin Core"
| #define PACKAGE_TARNAME "bunkercoin"
| #define PACKAGE_VERSION "1.0.0"
| #define PACKAGE_STRING "Bunkercoin Core 1.0.0"
| #define PACKAGE_BUGREPORT "info@bunkercoin.com"
| #define PACKAGE_URL ""
| /* end confdefs.h.  */
| #include <ac_nonexistent.h>
configure:5033: result: gcc -E
configure:5053: gcc -E  conftest.c
configure:5053: $? = 0
configure:5067: gcc -E  conftest.c
conftest.c:9:10: fatal error: ac_nonexistent.h: No such file or directory
 #include <ac_nonexistent.h>
          ^~~~~~~~~~~~~~~~~~
compilation terminated.
configure:5067: $? = 1
configure: failed program was:
| /* confdefs.h */
| #define PACKAGE_NAME "Bunkercoin Core"
| #define PACKAGE_TARNAME "bunkercoin"
| #define PACKAGE_VERSION "1.0.0"
| #define PACKAGE_STRING "Bunkercoin Core 1.0.0"
| #define PACKAGE_BUGREPORT "info@bunkercoin.com"
| #define PACKAGE_URL ""
| /* end confdefs.h.  */
| #include <ac_nonexistent.h>
configure:5100: checking how to run the C++ preprocessor
configure:5127: g++ -E  conftest.cpp
configure:5127: $? = 0
configure:5141: g++ -E  conftest.cpp
conftest.cpp:9:10: fatal error: ac_nonexistent.h: No such file or directory
 #include <ac_nonexistent.h>
          ^~~~~~~~~~~~~~~~~~
compilation terminated.
configure:5141: $? = 1
configure: failed program was:
| /* confdefs.h */
| #define PACKAGE_NAME "Bunkercoin Core"
| #define PACKAGE_TARNAME "bunkercoin"
| #define PACKAGE_VERSION "1.0.0"
| #define PACKAGE_STRING "Bunkercoin Core 1.0.0"
| #define PACKAGE_BUGREPORT "info@bunkercoin.com"
| #define PACKAGE_URL ""
| /* end confdefs.h.  */
| #include <ac_nonexistent.h>
configure:5166: result: g++ -E
configure:5186: g++ -E  conftest.cpp
configure:5186: $? = 0
configure:5200: g++ -E  conftest.cpp
conftest.cpp:9:10: fatal error: ac_nonexistent.h: No such file or directory
 #include <ac_nonexistent.h>
          ^~~~~~~~~~~~~~~~~~
compilation terminated.
configure:5200: $? = 1
configure: failed program was:
| /* confdefs.h */
| #define PACKAGE_NAME "Bunkercoin Core"
| #define PACKAGE_TARNAME "bunkercoin"
| #define PACKAGE_VERSION "1.0.0"
| #define PACKAGE_STRING "Bunkercoin Core 1.0.0"
| #define PACKAGE_BUGREPORT "info@bunkercoin.com"
| #define PACKAGE_URL ""
| /* end confdefs.h.  */
| #include <ac_nonexistent.h>
configure:5283: checking for gcc
configure:5299: found /usr/bin/gcc
configure:5310: result: gcc
configure:5335: checking for Objective C compiler version
configure:5344: gcc --version >&5
gcc (Ubuntu 7.5.0-3ubuntu1~18.04) 7.5.0
Copyright (C) 2017 Free Software Foundation, Inc.
This is free software; see the source for copying conditions.  There is NO
warranty; not even for MERCHANTABILITY or FITNESS FOR A PARTICULAR PURPOSE.

configure:5355: $? = 0
configure:5344: gcc -v >&5
Using built-in specs.
COLLECT_GCC=gcc
COLLECT_LTO_WRAPPER=/usr/lib/gcc/x86_64-linux-gnu/7/lto-wrapper
OFFLOAD_TARGET_NAMES=nvptx-none
OFFLOAD_TARGET_DEFAULT=1
Target: x86_64-linux-gnu
Configured with: ../src/configure -v --with-pkgversion='Ubuntu 7.5.0-3ubuntu1~18.04' --with-bugurl=file:///usr/share/doc/gcc-7/README.Bugs --enable-languages=c,ada,c++,go,brig,d,fortran,objc,obj-c++ --prefix=/usr --with-gcc-major-version-only --program-suffix=-7 --program-prefix=x86_64-linux-gnu- --enable-shared --enable-linker-build-id --libexecdir=/usr/lib --without-included-gettext --enable-threads=posix --libdir=/usr/lib --enable-nls --enable-bootstrap --enable-clocale=gnu --enable-libstdcxx-debug --enable-libstdcxx-time=yes --with-default-libstdcxx-abi=new --enable-gnu-unique-object --disable-vtable-verify --enable-libmpx --enable-plugin --enable-default-pie --with-system-zlib --with-target-system-zlib --enable-objc-gc=auto --enable-multiarch --disable-werror --with-arch-32=i686 --with-abi=m64 --with-multilib-list=m32,m64,mx32 --enable-multilib --with-tune=generic --enable-offload-targets=nvptx-none --without-cuda-driver --enable-checking=release --build=x86_64-linux-gnu --host=x86_64-linux-gnu --target=x86_64-linux-gnu
Thread model: posix
gcc version 7.5.0 (Ubuntu 7.5.0-3ubuntu1~18.04) 
configure:5355: $? = 0
configure:5344: gcc -V >&5
gcc: error: unrecognized command line option '-V'
gcc: fatal error: no input files
compilation terminated.
configure:5355: $? = 1
configure:5344: gcc -qversion >&5
gcc: error: unrecognized command line option '-qversion'; did you mean '--version'?
gcc: fatal error: no input files
compilation terminated.
configure:5355: $? = 1
configure:5359: checking whether we are using the GNU Objective C compiler
configure:5378: gcc -c   conftest.m >&5
gcc: error trying to exec 'cc1obj': execvp: No such file or directory
configure:5378: $? = 1
configure: failed program was:
| /* confdefs.h */
| #define PACKAGE_NAME "Bunkercoin Core"
| #define PACKAGE_TARNAME "bunkercoin"
| #define PACKAGE_VERSION "1.0.0"
| #define PACKAGE_STRING "Bunkercoin Core 1.0.0"
| #define PACKAGE_BUGREPORT "info@bunkercoin.com"
| #define PACKAGE_URL ""
| /* end confdefs.h.  */
| 
| int
| main ()
| {
| #ifndef __GNUC__
|        choke me
| #endif
| 
|   ;
|   return 0;
| }
configure:5387: result: no
configure:5396: checking whether gcc accepts -g
configure:5416: gcc -c -g  conftest.m >&5
gcc: error trying to exec 'cc1obj': execvp: No such file or directory
configure:5416: $? = 1
configure: failed program was:
| /* confdefs.h */
| #define PACKAGE_NAME "Bunkercoin Core"
| #define PACKAGE_TARNAME "bunkercoin"
| #define PACKAGE_VERSION "1.0.0"
| #define PACKAGE_STRING "Bunkercoin Core 1.0.0"
| #define PACKAGE_BUGREPORT "info@bunkercoin.com"
| #define PACKAGE_URL ""
| /* end confdefs.h.  */
| 
| int
| main ()
| {
| 
|   ;
|   return 0;
| }
configure:5431: gcc -c   conftest.m >&5
gcc: error trying to exec 'cc1obj': execvp: No such file or directory
configure:5431: $? = 1
configure: failed program was:
| /* confdefs.h */
| #define PACKAGE_NAME "Bunkercoin Core"
| #define PACKAGE_TARNAME "bunkercoin"
| #define PACKAGE_VERSION "1.0.0"
| #define PACKAGE_STRING "Bunkercoin Core 1.0.0"
| #define PACKAGE_BUGREPORT "info@bunkercoin.com"
| #define PACKAGE_URL ""
| /* end confdefs.h.  */
| 
| int
| main ()
| {
| 
|   ;
|   return 0;
| }
configure:5447: gcc -c -g  conftest.m >&5
gcc: error trying to exec 'cc1obj': execvp: No such file or directory
configure:5447: $? = 1
configure: failed program was:
| /* confdefs.h */
| #define PACKAGE_NAME "Bunkercoin Core"
| #define PACKAGE_TARNAME "bunkercoin"
| #define PACKAGE_VERSION "1.0.0"
| #define PACKAGE_STRING "Bunkercoin Core 1.0.0"
| #define PACKAGE_BUGREPORT "info@bunkercoin.com"
| #define PACKAGE_URL ""
| /* end confdefs.h.  */
| 
| int
| main ()
| {
| 
|   ;
|   return 0;
| }
configure:5457: result: no
configure:5482: checking dependency style of gcc
configure:5591: result: gcc3
configure:5660: checking for g++
configure:5676: found /usr/bin/g++
configure:5687: result: g++
configure:5712: checking for Objective C++ compiler version
configure:5721: g++ --version >&5
g++ (Ubuntu 7.5.0-3ubuntu1~18.04) 7.5.0
Copyright (C) 2017 Free Software Foundation, Inc.
This is free software; see the source for copying conditions.  There is NO
warranty; not even for MERCHANTABILITY or FITNESS FOR A PARTICULAR PURPOSE.

configure:5732: $? = 0
configure:5721: g++ -v >&5
Using built-in specs.
COLLECT_GCC=g++
COLLECT_LTO_WRAPPER=/usr/lib/gcc/x86_64-linux-gnu/7/lto-wrapper
OFFLOAD_TARGET_NAMES=nvptx-none
OFFLOAD_TARGET_DEFAULT=1
Target: x86_64-linux-gnu
Configured with: ../src/configure -v --with-pkgversion='Ubuntu 7.5.0-3ubuntu1~18.04' --with-bugurl=file:///usr/share/doc/gcc-7/README.Bugs --enable-languages=c,ada,c++,go,brig,d,fortran,objc,obj-c++ --prefix=/usr --with-gcc-major-version-only --program-suffix=-7 --program-prefix=x86_64-linux-gnu- --enable-shared --enable-linker-build-id --libexecdir=/usr/lib --without-included-gettext --enable-threads=posix --libdir=/usr/lib --enable-nls --enable-bootstrap --enable-clocale=gnu --enable-libstdcxx-debug --enable-libstdcxx-time=yes --with-default-libstdcxx-abi=new --enable-gnu-unique-object --disable-vtable-verify --enable-libmpx --enable-plugin --enable-default-pie --with-system-zlib --with-target-system-zlib --enable-objc-gc=auto --enable-multiarch --disable-werror --with-arch-32=i686 --with-abi=m64 --with-multilib-list=m32,m64,mx32 --enable-multilib --with-tune=generic --enable-offload-targets=nvptx-none --without-cuda-driver --enable-checking=release --build=x86_64-linux-gnu --host=x86_64-linux-gnu --target=x86_64-linux-gnu
Thread model: posix
gcc version 7.5.0 (Ubuntu 7.5.0-3ubuntu1~18.04) 
configure:5732: $? = 0
configure:5721: g++ -V >&5
g++: error: unrecognized command line option '-V'
g++: fatal error: no input files
compilation terminated.
configure:5732: $? = 1
configure:5721: g++ -qversion >&5
g++: error: unrecognized command line option '-qversion'; did you mean '--version'?
g++: fatal error: no input files
compilation terminated.
configure:5732: $? = 1
configure:5736: checking whether we are using the GNU Objective C++ compiler
configure:5755: g++ -c   conftest.mm >&5
g++: error trying to exec 'cc1objplus': execvp: No such file or directory
configure:5755: $? = 1
configure: failed program was:
| /* confdefs.h */
| #define PACKAGE_NAME "Bunkercoin Core"
| #define PACKAGE_TARNAME "bunkercoin"
| #define PACKAGE_VERSION "1.0.0"
| #define PACKAGE_STRING "Bunkercoin Core 1.0.0"
| #define PACKAGE_BUGREPORT "info@bunkercoin.com"
| #define PACKAGE_URL ""
| /* end confdefs.h.  */
| 
| int
| main ()
| {
| #ifndef __GNUC__
|        choke me
| #endif
| 
|   ;
|   return 0;
| }
configure:5764: result: no
configure:5773: checking whether g++ accepts -g
configure:5793: g++ -c -g  conftest.mm >&5
g++: error trying to exec 'cc1objplus': execvp: No such file or directory
configure:5793: $? = 1
configure: failed program was:
| /* confdefs.h */
| #define PACKAGE_NAME "Bunkercoin Core"
| #define PACKAGE_TARNAME "bunkercoin"
| #define PACKAGE_VERSION "1.0.0"
| #define PACKAGE_STRING "Bunkercoin Core 1.0.0"
| #define PACKAGE_BUGREPORT "info@bunkercoin.com"
| #define PACKAGE_URL ""
| /* end confdefs.h.  */
| 
| int
| main ()
| {
| 
|   ;
|   return 0;
| }
configure:5808: g++ -c   conftest.mm >&5
g++: error trying to exec 'cc1objplus': execvp: No such file or directory
configure:5808: $? = 1
configure: failed program was:
| /* confdefs.h */
| #define PACKAGE_NAME "Bunkercoin Core"
| #define PACKAGE_TARNAME "bunkercoin"
| #define PACKAGE_VERSION "1.0.0"
| #define PACKAGE_STRING "Bunkercoin Core 1.0.0"
| #define PACKAGE_BUGREPORT "info@bunkercoin.com"
| #define PACKAGE_URL ""
| /* end confdefs.h.  */
| 
| int
| main ()
| {
| 
|   ;
|   return 0;
| }
configure:5824: g++ -c -g  conftest.mm >&5
g++: error trying to exec 'cc1objplus': execvp: No such file or directory
configure:5824: $? = 1
configure: failed program was:
| /* confdefs.h */
| #define PACKAGE_NAME "Bunkercoin Core"
| #define PACKAGE_TARNAME "bunkercoin"
| #define PACKAGE_VERSION "1.0.0"
| #define PACKAGE_STRING "Bunkercoin Core 1.0.0"
| #define PACKAGE_BUGREPORT "info@bunkercoin.com"
| #define PACKAGE_URL ""
| /* end confdefs.h.  */
| 
| int
| main ()
| {
| 
|   ;
|   return 0;
| }
configure:5834: result: no
configure:5859: checking dependency style of g++
configure:5968: result: gcc3
configure:5984: checking for a sed that does not truncate output
configure:6048: result: /bin/sed
configure:6099: checking for ar
configure:6117: found /usr/bin/ar
configure:6129: result: /usr/bin/ar
configure:6197: checking for ranlib
configure:6215: found /usr/bin/ranlib
configure:6227: result: /usr/bin/ranlib
configure:6295: checking for strip
configure:6313: found /usr/bin/strip
configure:6325: result: /usr/bin/strip
configure:6393: checking for gcov
configure:6411: found /usr/bin/gcov
configure:6423: result: /usr/bin/gcov
configure:6447: checking for lcov
configure:6480: result: no
configure:6487: checking for java
configure:6505: found /usr/bin/java
configure:6517: result: /usr/bin/java
configure:6527: checking for genhtml
configure:6560: result: no
configure:6567: checking for git
configure:6585: found /usr/bin/git
configure:6597: result: /usr/bin/git
configure:6607: checking for ccache
configure:6640: result: no
configure:6647: checking for xgettext
configure:6665: found /usr/bin/xgettext
configure:6677: result: /usr/bin/xgettext
configure:6687: checking for hexdump
configure:6705: found /usr/bin/hexdump
configure:6717: result: /usr/bin/hexdump
configure:6779: checking for pkg-config
configure:6797: found /usr/bin/pkg-config
configure:6809: result: /usr/bin/pkg-config
configure:6834: checking pkg-config is at least version 0.9.0
configure:6837: result: yes
configure:8107: checking for grep that handles long lines and -e
configure:8165: result: /bin/grep
configure:8170: checking for egrep
configure:8232: result: /bin/grep -E
configure:8237: checking for ANSI C header files
configure:8257: g++ -c -g -O2 -Wall -Wextra -Wformat -Wformat-security -Wno-unused-parameter  -DBOOST_SPIRIT_THREADSAFE -DHAVE_BUILD_INFO -D__STDC_FORMAT_MACROS conftest.cpp >&5
configure:8257: $? = 0
configure:8330: g++ -o conftest -g -O2 -Wall -Wextra -Wformat -Wformat-security -Wno-unused-parameter  -DBOOST_SPIRIT_THREADSAFE -DHAVE_BUILD_INFO -D__STDC_FORMAT_MACROS  conftest.cpp  >&5
configure:8330: $? = 0
configure:8330: ./conftest
configure:8330: $? = 0
configure:8341: result: yes
configure:8354: checking for sys/types.h
configure:8354: g++ -c -g -O2 -Wall -Wextra -Wformat -Wformat-security -Wno-unused-parameter  -DBOOST_SPIRIT_THREADSAFE -DHAVE_BUILD_INFO -D__STDC_FORMAT_MACROS conftest.cpp >&5
configure:8354: $? = 0
configure:8354: result: yes
configure:8354: checking for sys/stat.h
configure:8354: g++ -c -g -O2 -Wall -Wextra -Wformat -Wformat-security -Wno-unused-parameter  -DBOOST_SPIRIT_THREADSAFE -DHAVE_BUILD_INFO -D__STDC_FORMAT_MACROS conftest.cpp >&5
configure:8354: $? = 0
configure:8354: result: yes
configure:8354: checking for stdlib.h
configure:8354: g++ -c -g -O2 -Wall -Wextra -Wformat -Wformat-security -Wno-unused-parameter  -DBOOST_SPIRIT_THREADSAFE -DHAVE_BUILD_INFO -D__STDC_FORMAT_MACROS conftest.cpp >&5
configure:8354: $? = 0
configure:8354: result: yes
configure:8354: checking for string.h
configure:8354: g++ -c -g -O2 -Wall -Wextra -Wformat -Wformat-security -Wno-unused-parameter  -DBOOST_SPIRIT_THREADSAFE -DHAVE_BUILD_INFO -D__STDC_FORMAT_MACROS conftest.cpp >&5
configure:8354: $? = 0
configure:8354: result: yes
configure:8354: checking for memory.h
configure:8354: g++ -c -g -O2 -Wall -Wextra -Wformat -Wformat-security -Wno-unused-parameter  -DBOOST_SPIRIT_THREADSAFE -DHAVE_BUILD_INFO -D__STDC_FORMAT_MACROS conftest.cpp >&5
configure:8354: $? = 0
configure:8354: result: yes
configure:8354: checking for strings.h
configure:8354: g++ -c -g -O2 -Wall -Wextra -Wformat -Wformat-security -Wno-unused-parameter  -DBOOST_SPIRIT_THREADSAFE -DHAVE_BUILD_INFO -D__STDC_FORMAT_MACROS conftest.cpp >&5
configure:8354: $? = 0
configure:8354: result: yes
configure:8354: checking for inttypes.h
configure:8354: g++ -c -g -O2 -Wall -Wextra -Wformat -Wformat-security -Wno-unused-parameter  -DBOOST_SPIRIT_THREADSAFE -DHAVE_BUILD_INFO -D__STDC_FORMAT_MACROS conftest.cpp >&5
configure:8354: $? = 0
configure:8354: result: yes
configure:8354: checking for stdint.h
configure:8354: g++ -c -g -O2 -Wall -Wextra -Wformat -Wformat-security -Wno-unused-parameter  -DBOOST_SPIRIT_THREADSAFE -DHAVE_BUILD_INFO -D__STDC_FORMAT_MACROS conftest.cpp >&5
configure:8354: $? = 0
configure:8354: result: yes
configure:8354: checking for unistd.h
configure:8354: g++ -c -g -O2 -Wall -Wextra -Wformat -Wformat-security -Wno-unused-parameter  -DBOOST_SPIRIT_THREADSAFE -DHAVE_BUILD_INFO -D__STDC_FORMAT_MACROS conftest.cpp >&5
configure:8354: $? = 0
configure:8354: result: yes
configure:8366: checking whether byte ordering is bigendian
configure:8381: g++ -c -g -O2 -Wall -Wextra -Wformat -Wformat-security -Wno-unused-parameter  -DBOOST_SPIRIT_THREADSAFE -DHAVE_BUILD_INFO -D__STDC_FORMAT_MACROS conftest.cpp >&5
conftest.cpp:20:9: error: expected unqualified-id before 'not' token
         not a universal capable compiler
         ^~~
configure:8381: $? = 1
configure: failed program was:
| /* confdefs.h */
| #define PACKAGE_NAME "Bunkercoin Core"
| #define PACKAGE_TARNAME "bunkercoin"
| #define PACKAGE_VERSION "1.0.0"
| #define PACKAGE_STRING "Bunkercoin Core 1.0.0"
| #define PACKAGE_BUGREPORT "info@bunkercoin.com"
| #define PACKAGE_URL ""
| #define STDC_HEADERS 1
| #define HAVE_SYS_TYPES_H 1
| #define HAVE_SYS_STAT_H 1
| #define HAVE_STDLIB_H 1
| #define HAVE_STRING_H 1
| #define HAVE_MEMORY_H 1
| #define HAVE_STRINGS_H 1
| #define HAVE_INTTYPES_H 1
| #define HAVE_STDINT_H 1
| #define HAVE_UNISTD_H 1
| /* end confdefs.h.  */
| #ifndef __APPLE_CC__
| 	       not a universal capable compiler
| 	     #endif
| 	     typedef int dummy;
| 
configure:8426: g++ -c -g -O2 -Wall -Wextra -Wformat -Wformat-security -Wno-unused-parameter  -DBOOST_SPIRIT_THREADSAFE -DHAVE_BUILD_INFO -D__STDC_FORMAT_MACROS conftest.cpp >&5
configure:8426: $? = 0
configure:8444: g++ -c -g -O2 -Wall -Wextra -Wformat -Wformat-security -Wno-unused-parameter  -DBOOST_SPIRIT_THREADSAFE -DHAVE_BUILD_INFO -D__STDC_FORMAT_MACROS conftest.cpp >&5
conftest.cpp: In function 'int main()':
conftest.cpp:26:8: error: 'big' was not declared in this scope
    not big endian
        ^~~
configure:8444: $? = 1
configure: failed program was:
| /* confdefs.h */
| #define PACKAGE_NAME "Bunkercoin Core"
| #define PACKAGE_TARNAME "bunkercoin"
| #define PACKAGE_VERSION "1.0.0"
| #define PACKAGE_STRING "Bunkercoin Core 1.0.0"
| #define PACKAGE_BUGREPORT "info@bunkercoin.com"
| #define PACKAGE_URL ""
| #define STDC_HEADERS 1
| #define HAVE_SYS_TYPES_H 1
| #define HAVE_SYS_STAT_H 1
| #define HAVE_STDLIB_H 1
| #define HAVE_STRING_H 1
| #define HAVE_MEMORY_H 1
| #define HAVE_STRINGS_H 1
| #define HAVE_INTTYPES_H 1
| #define HAVE_STDINT_H 1
| #define HAVE_UNISTD_H 1
| /* end confdefs.h.  */
| #include <sys/types.h>
| 		#include <sys/param.h>
| 
| int
| main ()
| {
| #if BYTE_ORDER != BIG_ENDIAN
| 		 not big endian
| 		#endif
| 
|   ;
|   return 0;
| }
configure:8572: result: no
configure:8703: checking if compiler needs -Werror to reject unknown flags
configure:8719: gcc -c -g -O2 -Werror -Wunknown-warning-option -Wsizeof-array-argument  -DBOOST_SPIRIT_THREADSAFE -DHAVE_BUILD_INFO -D__STDC_FORMAT_MACROS conftest.c >&5
gcc: error: unrecognized command line option '-Wunknown-warning-option'
configure:8719: $? = 1
configure: failed program was:
| /* confdefs.h */
| #define PACKAGE_NAME "Bunkercoin Core"
| #define PACKAGE_TARNAME "bunkercoin"
| #define PACKAGE_VERSION "1.0.0"
| #define PACKAGE_STRING "Bunkercoin Core 1.0.0"
| #define PACKAGE_BUGREPORT "info@bunkercoin.com"
| #define PACKAGE_URL ""
| #define STDC_HEADERS 1
| #define HAVE_SYS_TYPES_H 1
| #define HAVE_SYS_STAT_H 1
| #define HAVE_STDLIB_H 1
| #define HAVE_STRING_H 1
| #define HAVE_MEMORY_H 1
| #define HAVE_STRINGS_H 1
| #define HAVE_INTTYPES_H 1
| #define HAVE_STDINT_H 1
| #define HAVE_UNISTD_H 1
| /* end confdefs.h.  */
| int foo(void);
| int
| main ()
| {
| foo()
|   ;
|   return 0;
| }
configure:8724: result: no
configure:8790: checking for the pthreads library -lpthreads
configure:8828: gcc -o conftest -g -O2    -DBOOST_SPIRIT_THREADSAFE -DHAVE_BUILD_INFO -D__STDC_FORMAT_MACROS  conftest.c -lpthreads  >&5
/usr/bin/ld: cannot find -lpthreads
collect2: error: ld returned 1 exit status
configure:8828: $? = 1
configure: failed program was:
| /* confdefs.h */
| #define PACKAGE_NAME "Bunkercoin Core"
| #define PACKAGE_TARNAME "bunkercoin"
| #define PACKAGE_VERSION "1.0.0"
| #define PACKAGE_STRING "Bunkercoin Core 1.0.0"
| #define PACKAGE_BUGREPORT "info@bunkercoin.com"
| #define PACKAGE_URL ""
| #define STDC_HEADERS 1
| #define HAVE_SYS_TYPES_H 1
| #define HAVE_SYS_STAT_H 1
| #define HAVE_STDLIB_H 1
| #define HAVE_STRING_H 1
| #define HAVE_MEMORY_H 1
| #define HAVE_STRINGS_H 1
| #define HAVE_INTTYPES_H 1
| #define HAVE_STDINT_H 1
| #define HAVE_UNISTD_H 1
| /* end confdefs.h.  */
| #include <pthread.h>
|                         static void routine(void *a) { a = 0; }
|                         static void *start_routine(void *a) { return a; }
| int
| main ()
| {
| pthread_t th; pthread_attr_t attr;
|                         pthread_create(&th, 0, start_routine, 0);
|                         pthread_join(th, 0);
|                         pthread_attr_init(&attr);
|                         pthread_cleanup_push(routine, 0);
|                         pthread_cleanup_pop(0) /* ; */
|   ;
|   return 0;
| }
configure:8837: result: no
configure:8735: checking whether pthreads work without any flags
configure:8828: gcc -o conftest -g -O2    -DBOOST_SPIRIT_THREADSAFE -DHAVE_BUILD_INFO -D__STDC_FORMAT_MACROS  conftest.c   >&5
/tmp/ccTphoQa.o: In function `main':
/media/matthew/21ce0322-964c-4b9e-91cf-da0ba45b4dbd/home/idotmaster/bunkercoin/conftest.c:26: undefined reference to `pthread_create'
/media/matthew/21ce0322-964c-4b9e-91cf-da0ba45b4dbd/home/idotmaster/bunkercoin/conftest.c:27: undefined reference to `pthread_join'
/media/matthew/21ce0322-964c-4b9e-91cf-da0ba45b4dbd/home/idotmaster/bunkercoin/conftest.c:29: undefined reference to `__pthread_register_cancel'
/media/matthew/21ce0322-964c-4b9e-91cf-da0ba45b4dbd/home/idotmaster/bunkercoin/conftest.c:30: undefined reference to `__pthread_unregister_cancel'
collect2: error: ld returned 1 exit status
configure:8828: $? = 1
configure: failed program was:
| /* confdefs.h */
| #define PACKAGE_NAME "Bunkercoin Core"
| #define PACKAGE_TARNAME "bunkercoin"
| #define PACKAGE_VERSION "1.0.0"
| #define PACKAGE_STRING "Bunkercoin Core 1.0.0"
| #define PACKAGE_BUGREPORT "info@bunkercoin.com"
| #define PACKAGE_URL ""
| #define STDC_HEADERS 1
| #define HAVE_SYS_TYPES_H 1
| #define HAVE_SYS_STAT_H 1
| #define HAVE_STDLIB_H 1
| #define HAVE_STRING_H 1
| #define HAVE_MEMORY_H 1
| #define HAVE_STRINGS_H 1
| #define HAVE_INTTYPES_H 1
| #define HAVE_STDINT_H 1
| #define HAVE_UNISTD_H 1
| /* end confdefs.h.  */
| #include <pthread.h>
|                         static void routine(void *a) { a = 0; }
|                         static void *start_routine(void *a) { return a; }
| int
| main ()
| {
| pthread_t th; pthread_attr_t attr;
|                         pthread_create(&th, 0, start_routine, 0);
|                         pthread_join(th, 0);
|                         pthread_attr_init(&attr);
|                         pthread_cleanup_push(routine, 0);
|                         pthread_cleanup_pop(0) /* ; */
|   ;
|   return 0;
| }
configure:8837: result: no
configure:8740: checking whether pthreads work with -Kthread
configure:8828: gcc -o conftest -g -O2 -Kthread   -DBOOST_SPIRIT_THREADSAFE -DHAVE_BUILD_INFO -D__STDC_FORMAT_MACROS  conftest.c   >&5
gcc: error: unrecognized command line option '-Kthread'; did you mean '-pthread'?
configure:8828: $? = 1
configure: failed program was:
| /* confdefs.h */
| #define PACKAGE_NAME "Bunkercoin Core"
| #define PACKAGE_TARNAME "bunkercoin"
| #define PACKAGE_VERSION "1.0.0"
| #define PACKAGE_STRING "Bunkercoin Core 1.0.0"
| #define PACKAGE_BUGREPORT "info@bunkercoin.com"
| #define PACKAGE_URL ""
| #define STDC_HEADERS 1
| #define HAVE_SYS_TYPES_H 1
| #define HAVE_SYS_STAT_H 1
| #define HAVE_STDLIB_H 1
| #define HAVE_STRING_H 1
| #define HAVE_MEMORY_H 1
| #define HAVE_STRINGS_H 1
| #define HAVE_INTTYPES_H 1
| #define HAVE_STDINT_H 1
| #define HAVE_UNISTD_H 1
| /* end confdefs.h.  */
| #include <pthread.h>
|                         static void routine(void *a) { a = 0; }
|                         static void *start_routine(void *a) { return a; }
| int
| main ()
| {
| pthread_t th; pthread_attr_t attr;
|                         pthread_create(&th, 0, start_routine, 0);
|                         pthread_join(th, 0);
|                         pthread_attr_init(&attr);
|                         pthread_cleanup_push(routine, 0);
|                         pthread_cleanup_pop(0) /* ; */
|   ;
|   return 0;
| }
configure:8837: result: no
configure:8740: checking whether pthreads work with -kthread
configure:8828: gcc -o conftest -g -O2 -kthread   -DBOOST_SPIRIT_THREADSAFE -DHAVE_BUILD_INFO -D__STDC_FORMAT_MACROS  conftest.c   >&5
gcc: error: unrecognized command line option '-kthread'; did you mean '-pthread'?
configure:8828: $? = 1
configure: failed program was:
| /* confdefs.h */
| #define PACKAGE_NAME "Bunkercoin Core"
| #define PACKAGE_TARNAME "bunkercoin"
| #define PACKAGE_VERSION "1.0.0"
| #define PACKAGE_STRING "Bunkercoin Core 1.0.0"
| #define PACKAGE_BUGREPORT "info@bunkercoin.com"
| #define PACKAGE_URL ""
| #define STDC_HEADERS 1
| #define HAVE_SYS_TYPES_H 1
| #define HAVE_SYS_STAT_H 1
| #define HAVE_STDLIB_H 1
| #define HAVE_STRING_H 1
| #define HAVE_MEMORY_H 1
| #define HAVE_STRINGS_H 1
| #define HAVE_INTTYPES_H 1
| #define HAVE_STDINT_H 1
| #define HAVE_UNISTD_H 1
| /* end confdefs.h.  */
| #include <pthread.h>
|                         static void routine(void *a) { a = 0; }
|                         static void *start_routine(void *a) { return a; }
| int
| main ()
| {
| pthread_t th; pthread_attr_t attr;
|                         pthread_create(&th, 0, start_routine, 0);
|                         pthread_join(th, 0);
|                         pthread_attr_init(&attr);
|                         pthread_cleanup_push(routine, 0);
|                         pthread_cleanup_pop(0) /* ; */
|   ;
|   return 0;
| }
configure:8837: result: no
configure:8790: checking for the pthreads library -llthread
configure:8828: gcc -o conftest -g -O2    -DBOOST_SPIRIT_THREADSAFE -DHAVE_BUILD_INFO -D__STDC_FORMAT_MACROS  conftest.c -llthread  >&5
/usr/bin/ld: cannot find -llthread
collect2: error: ld returned 1 exit status
configure:8828: $? = 1
configure: failed program was:
| /* confdefs.h */
| #define PACKAGE_NAME "Bunkercoin Core"
| #define PACKAGE_TARNAME "bunkercoin"
| #define PACKAGE_VERSION "1.0.0"
| #define PACKAGE_STRING "Bunkercoin Core 1.0.0"
| #define PACKAGE_BUGREPORT "info@bunkercoin.com"
| #define PACKAGE_URL ""
| #define STDC_HEADERS 1
| #define HAVE_SYS_TYPES_H 1
| #define HAVE_SYS_STAT_H 1
| #define HAVE_STDLIB_H 1
| #define HAVE_STRING_H 1
| #define HAVE_MEMORY_H 1
| #define HAVE_STRINGS_H 1
| #define HAVE_INTTYPES_H 1
| #define HAVE_STDINT_H 1
| #define HAVE_UNISTD_H 1
| /* end confdefs.h.  */
| #include <pthread.h>
|                         static void routine(void *a) { a = 0; }
|                         static void *start_routine(void *a) { return a; }
| int
| main ()
| {
| pthread_t th; pthread_attr_t attr;
|                         pthread_create(&th, 0, start_routine, 0);
|                         pthread_join(th, 0);
|                         pthread_attr_init(&attr);
|                         pthread_cleanup_push(routine, 0);
|                         pthread_cleanup_pop(0) /* ; */
|   ;
|   return 0;
| }
configure:8837: result: no
configure:8740: checking whether pthreads work with -pthread
configure:8828: gcc -o conftest -g -O2 -pthread   -DBOOST_SPIRIT_THREADSAFE -DHAVE_BUILD_INFO -D__STDC_FORMAT_MACROS  conftest.c   >&5
configure:8828: $? = 0
configure:8837: result: yes
configure:8856: checking for joinable pthread attribute
configure:8871: gcc -o conftest -g -O2 -pthread  -DBOOST_SPIRIT_THREADSAFE -DHAVE_BUILD_INFO -D__STDC_FORMAT_MACROS  conftest.c   >&5
configure:8871: $? = 0
configure:8877: result: PTHREAD_CREATE_JOINABLE
configure:8887: checking if more special flags are required for pthreads
configure:8902: result: no
configure:8908: checking for PTHREAD_PRIO_INHERIT
configure:8925: gcc -o conftest -g -O2 -pthread  -DBOOST_SPIRIT_THREADSAFE -DHAVE_BUILD_INFO -D__STDC_FORMAT_MACROS  conftest.c   >&5
configure:8925: $? = 0
configure:8934: result: yes
configure:9045: checking for special C compiler options needed for large files
configure:9090: result: no
configure:9096: checking for _FILE_OFFSET_BITS value needed for large files
configure:9121: g++ -c -g -O2 -Wall -Wextra -Wformat -Wformat-security -Wno-unused-parameter  -DBOOST_SPIRIT_THREADSAFE -DHAVE_BUILD_INFO -D__STDC_FORMAT_MACROS conftest.cpp >&5
configure:9121: $? = 0
configure:9153: result: no
configure:9251: checking whether the linker accepts -Wl,--large-address-aware
configure:9270: g++ -o conftest -g -O2 -Wall -Wextra -Wformat -Wformat-security -Wno-unused-parameter  -DBOOST_SPIRIT_THREADSAFE -DHAVE_BUILD_INFO -D__STDC_FORMAT_MACROS   -Wl,--large-address-aware conftest.cpp  >&5
/usr/bin/ld: unrecognized option '--large-address-aware'
/usr/bin/ld: use the --help option for usage information
collect2: error: ld returned 1 exit status
configure:9270: $? = 1
configure: failed program was:
| /* confdefs.h */
| #define PACKAGE_NAME "Bunkercoin Core"
| #define PACKAGE_TARNAME "bunkercoin"
| #define PACKAGE_VERSION "1.0.0"
| #define PACKAGE_STRING "Bunkercoin Core 1.0.0"
| #define PACKAGE_BUGREPORT "info@bunkercoin.com"
| #define PACKAGE_URL ""
| #define STDC_HEADERS 1
| #define HAVE_SYS_TYPES_H 1
| #define HAVE_SYS_STAT_H 1
| #define HAVE_STDLIB_H 1
| #define HAVE_STRING_H 1
| #define HAVE_MEMORY_H 1
| #define HAVE_STRINGS_H 1
| #define HAVE_INTTYPES_H 1
| #define HAVE_STDINT_H 1
| #define HAVE_UNISTD_H 1
| #define HAVE_PTHREAD_PRIO_INHERIT 1
| #define HAVE_PTHREAD 1
| /* end confdefs.h.  */
| 
| int
| main ()
| {
| 
|   ;
|   return 0;
| }
configure:9279: result: no
configure:9289: checking whether C++ compiler accepts -Wstack-protector
configure:9308: g++ -c -g -O2 -Wall -Wextra -Wformat -Wformat-security -Wno-unused-parameter  -Wstack-protector  -DBOOST_SPIRIT_THREADSAFE -DHAVE_BUILD_INFO -D__STDC_FORMAT_MACROS conftest.cpp >&5
configure:9308: $? = 0
configure:9316: result: yes
configure:9324: checking whether C++ compiler accepts -fstack-protector-all
configure:9343: g++ -c -g -O2 -Wall -Wextra -Wformat -Wformat-security -Wno-unused-parameter  -fstack-protector-all  -DBOOST_SPIRIT_THREADSAFE -DHAVE_BUILD_INFO -D__STDC_FORMAT_MACROS conftest.cpp >&5
configure:9343: $? = 0
configure:9351: result: yes
configure:9359: checking whether C++ compiler accepts -fPIE
configure:9378: g++ -c -g -O2 -Wall -Wextra -Wformat -Wformat-security -Wno-unused-parameter  -fPIE  -DBOOST_SPIRIT_THREADSAFE -DHAVE_BUILD_INFO -D__STDC_FORMAT_MACROS conftest.cpp >&5
configure:9378: $? = 0
configure:9386: result: yes
configure:9395: checking whether C++ preprocessor accepts -D_FORTIFY_SOURCE=2
configure:9414: g++ -E  -DBOOST_SPIRIT_THREADSAFE -DHAVE_BUILD_INFO -D__STDC_FORMAT_MACROS  -D_FORTIFY_SOURCE=2 conftest.cpp
configure:9414: $? = 0
configure:9422: result: yes
configure:9426: checking whether C++ preprocessor accepts -U_FORTIFY_SOURCE
configure:9445: g++ -E  -DBOOST_SPIRIT_THREADSAFE -DHAVE_BUILD_INFO -D__STDC_FORMAT_MACROS  -U_FORTIFY_SOURCE conftest.cpp
configure:9445: $? = 0
configure:9453: result: yes
configure:9470: checking whether the linker accepts -Wl,--dynamicbase
configure:9489: g++ -o conftest -g -O2 -Wall -Wextra -Wformat -Wformat-security -Wno-unused-parameter  -DBOOST_SPIRIT_THREADSAFE -DHAVE_BUILD_INFO -D__STDC_FORMAT_MACROS   -Wl,--dynamicbase conftest.cpp  >&5
/usr/bin/ld: unrecognized option '--dynamicbase'
/usr/bin/ld: use the --help option for usage information
collect2: error: ld returned 1 exit status
configure:9489: $? = 1
configure: failed program was:
| /* confdefs.h */
| #define PACKAGE_NAME "Bunkercoin Core"
| #define PACKAGE_TARNAME "bunkercoin"
| #define PACKAGE_VERSION "1.0.0"
| #define PACKAGE_STRING "Bunkercoin Core 1.0.0"
| #define PACKAGE_BUGREPORT "info@bunkercoin.com"
| #define PACKAGE_URL ""
| #define STDC_HEADERS 1
| #define HAVE_SYS_TYPES_H 1
| #define HAVE_SYS_STAT_H 1
| #define HAVE_STDLIB_H 1
| #define HAVE_STRING_H 1
| #define HAVE_MEMORY_H 1
| #define HAVE_STRINGS_H 1
| #define HAVE_INTTYPES_H 1
| #define HAVE_STDINT_H 1
| #define HAVE_UNISTD_H 1
| #define HAVE_PTHREAD_PRIO_INHERIT 1
| #define HAVE_PTHREAD 1
| /* end confdefs.h.  */
| 
| int
| main ()
| {
| 
|   ;
|   return 0;
| }
configure:9498: result: no
configure:9506: checking whether the linker accepts -Wl,--nxcompat
configure:9525: g++ -o conftest -g -O2 -Wall -Wextra -Wformat -Wformat-security -Wno-unused-parameter  -DBOOST_SPIRIT_THREADSAFE -DHAVE_BUILD_INFO -D__STDC_FORMAT_MACROS   -Wl,--nxcompat conftest.cpp  >&5
/usr/bin/ld: unrecognized option '--nxcompat'
/usr/bin/ld: use the --help option for usage information
collect2: error: ld returned 1 exit status
configure:9525: $? = 1
configure: failed program was:
| /* confdefs.h */
| #define PACKAGE_NAME "Bunkercoin Core"
| #define PACKAGE_TARNAME "bunkercoin"
| #define PACKAGE_VERSION "1.0.0"
| #define PACKAGE_STRING "Bunkercoin Core 1.0.0"
| #define PACKAGE_BUGREPORT "info@bunkercoin.com"
| #define PACKAGE_URL ""
| #define STDC_HEADERS 1
| #define HAVE_SYS_TYPES_H 1
| #define HAVE_SYS_STAT_H 1
| #define HAVE_STDLIB_H 1
| #define HAVE_STRING_H 1
| #define HAVE_MEMORY_H 1
| #define HAVE_STRINGS_H 1
| #define HAVE_INTTYPES_H 1
| #define HAVE_STDINT_H 1
| #define HAVE_UNISTD_H 1
| #define HAVE_PTHREAD_PRIO_INHERIT 1
| #define HAVE_PTHREAD 1
| /* end confdefs.h.  */
| 
| int
| main ()
| {
| 
|   ;
|   return 0;
| }
configure:9534: result: no
configure:9542: checking whether the linker accepts -Wl,-z,relro
configure:9561: g++ -o conftest -g -O2 -Wall -Wextra -Wformat -Wformat-security -Wno-unused-parameter  -DBOOST_SPIRIT_THREADSAFE -DHAVE_BUILD_INFO -D__STDC_FORMAT_MACROS   -Wl,-z,relro conftest.cpp  >&5
configure:9561: $? = 0
configure:9570: result: yes
configure:9578: checking whether the linker accepts -Wl,-z,now
configure:9597: g++ -o conftest -g -O2 -Wall -Wextra -Wformat -Wformat-security -Wno-unused-parameter  -DBOOST_SPIRIT_THREADSAFE -DHAVE_BUILD_INFO -D__STDC_FORMAT_MACROS   -Wl,-z,now conftest.cpp  >&5
configure:9597: $? = 0
configure:9606: result: yes
configure:9617: checking whether the linker accepts -pie
configure:9636: g++ -o conftest -g -O2 -Wall -Wextra -Wformat -Wformat-security -Wno-unused-parameter  -DBOOST_SPIRIT_THREADSAFE -DHAVE_BUILD_INFO -D__STDC_FORMAT_MACROS   -pie conftest.cpp  >&5
configure:9636: $? = 0
configure:9645: result: yes
configure:9703: checking stdio.h usability
configure:9703: g++ -c -g -O2 -Wall -Wextra -Wformat -Wformat-security -Wno-unused-parameter  -Wstack-protector -fstack-protector-all -fPIE  -DBOOST_SPIRIT_THREADSAFE -DHAVE_BUILD_INFO -D__STDC_FORMAT_MACROS  -U_FORTIFY_SOURCE -D_FORTIFY_SOURCE=2 conftest.cpp >&5
configure:9703: $? = 0
configure:9703: result: yes
configure:9703: checking stdio.h presence
configure:9703: g++ -E  -DBOOST_SPIRIT_THREADSAFE -DHAVE_BUILD_INFO -D__STDC_FORMAT_MACROS  -U_FORTIFY_SOURCE -D_FORTIFY_SOURCE=2 conftest.cpp
configure:9703: $? = 0
configure:9703: result: yes
configure:9703: checking for stdio.h
configure:9703: result: yes
configure:9703: checking for stdlib.h
configure:9703: result: yes
configure:9703: checking for unistd.h
configure:9703: result: yes
configure:9703: checking for strings.h
configure:9703: result: yes
configure:9703: checking for sys/types.h
configure:9703: result: yes
configure:9703: checking for sys/stat.h
configure:9703: result: yes
configure:9714: checking for MSG_NOSIGNAL
configure:9727: g++ -c -g -O2 -Wall -Wextra -Wformat -Wformat-security -Wno-unused-parameter  -Wstack-protector -fstack-protector-all -fPIE  -DBOOST_SPIRIT_THREADSAFE -DHAVE_BUILD_INFO -D__STDC_FORMAT_MACROS  -U_FORTIFY_SOURCE -D_FORTIFY_SOURCE=2 conftest.cpp >&5
conftest.cpp: In function 'int main()':
conftest.cpp:31:6: warning: unused variable 'f' [-Wunused-variable]
  int f = MSG_NOSIGNAL;
      ^
configure:9727: $? = 0
configure:9728: result: yes
configure:9756: checking for Berkeley DB C++ headers
configure:9787: g++ -c -g -O2 -Wall -Wextra -Wformat -Wformat-security -Wno-unused-parameter  -Wstack-protector -fstack-protector-all -fPIE  -DBOOST_SPIRIT_THREADSAFE -DHAVE_BUILD_INFO -D__STDC_FORMAT_MACROS  -U_FORTIFY_SOURCE -D_FORTIFY_SOURCE=2 conftest.cpp >&5
conftest.cpp:29:16: fatal error: bdb5.1/db_cxx.h: No such file or directory
       #include <bdb5.1/db_cxx.h>
                ^~~~~~~~~~~~~~~~~
compilation terminated.
configure:9787: $? = 1
configure: failed program was:
| /* confdefs.h */
| #define PACKAGE_NAME "Bunkercoin Core"
| #define PACKAGE_TARNAME "bunkercoin"
| #define PACKAGE_VERSION "1.0.0"
| #define PACKAGE_STRING "Bunkercoin Core 1.0.0"
| #define PACKAGE_BUGREPORT "info@bunkercoin.com"
| #define PACKAGE_URL ""
| #define STDC_HEADERS 1
| #define HAVE_SYS_TYPES_H 1
| #define HAVE_SYS_STAT_H 1
| #define HAVE_STDLIB_H 1
| #define HAVE_STRING_H 1
| #define HAVE_MEMORY_H 1
| #define HAVE_STRINGS_H 1
| #define HAVE_INTTYPES_H 1
| #define HAVE_STDINT_H 1
| #define HAVE_UNISTD_H 1
| #define HAVE_PTHREAD_PRIO_INHERIT 1
| #define HAVE_PTHREAD 1
| #define HAVE_STDIO_H 1
| #define HAVE_STDLIB_H 1
| #define HAVE_UNISTD_H 1
| #define HAVE_STRINGS_H 1
| #define HAVE_SYS_TYPES_H 1
| #define HAVE_SYS_STAT_H 1
| #define HAVE_MSG_NOSIGNAL 1
| /* end confdefs.h.  */
| 
|       #include <bdb5.1/db_cxx.h>
| 
| int
| main ()
| {
| 
|       #if !((DB_VERSION_MAJOR == 5 && DB_VERSION_MINOR >= 1) || DB_VERSION_MAJOR > 5)
|         #error "failed to find bdb 5.1+"
|       #endif
| 
|   ;
|   return 0;
| }
configure:9787: g++ -c -g -O2 -Wall -Wextra -Wformat -Wformat-security -Wno-unused-parameter  -Wstack-protector -fstack-protector-all -fPIE  -DBOOST_SPIRIT_THREADSAFE -DHAVE_BUILD_INFO -D__STDC_FORMAT_MACROS  -U_FORTIFY_SOURCE -D_FORTIFY_SOURCE=2 conftest.cpp >&5
conftest.cpp:29:16: fatal error: libdb5.1/db_cxx.h: No such file or directory
       #include <libdb5.1/db_cxx.h>
                ^~~~~~~~~~~~~~~~~~~
compilation terminated.
configure:9787: $? = 1
configure: failed program was:
| /* confdefs.h */
| #define PACKAGE_NAME "Bunkercoin Core"
| #define PACKAGE_TARNAME "bunkercoin"
| #define PACKAGE_VERSION "1.0.0"
| #define PACKAGE_STRING "Bunkercoin Core 1.0.0"
| #define PACKAGE_BUGREPORT "info@bunkercoin.com"
| #define PACKAGE_URL ""
| #define STDC_HEADERS 1
| #define HAVE_SYS_TYPES_H 1
| #define HAVE_SYS_STAT_H 1
| #define HAVE_STDLIB_H 1
| #define HAVE_STRING_H 1
| #define HAVE_MEMORY_H 1
| #define HAVE_STRINGS_H 1
| #define HAVE_INTTYPES_H 1
| #define HAVE_STDINT_H 1
| #define HAVE_UNISTD_H 1
| #define HAVE_PTHREAD_PRIO_INHERIT 1
| #define HAVE_PTHREAD 1
| #define HAVE_STDIO_H 1
| #define HAVE_STDLIB_H 1
| #define HAVE_UNISTD_H 1
| #define HAVE_STRINGS_H 1
| #define HAVE_SYS_TYPES_H 1
| #define HAVE_SYS_STAT_H 1
| #define HAVE_MSG_NOSIGNAL 1
| /* end confdefs.h.  */
| 
|       #include <libdb5.1/db_cxx.h>
| 
| int
| main ()
| {
| 
|       #if !((DB_VERSION_MAJOR == 5 && DB_VERSION_MINOR >= 1) || DB_VERSION_MAJOR > 5)
|         #error "failed to find bdb 5.1+"
|       #endif
| 
|   ;
|   return 0;
| }
configure:9787: g++ -c -g -O2 -Wall -Wextra -Wformat -Wformat-security -Wno-unused-parameter  -Wstack-protector -fstack-protector-all -fPIE  -DBOOST_SPIRIT_THREADSAFE -DHAVE_BUILD_INFO -D__STDC_FORMAT_MACROS  -U_FORTIFY_SOURCE -D_FORTIFY_SOURCE=2 conftest.cpp >&5
conftest.cpp:29:16: fatal error: db5.1/db_cxx.h: No such file or directory
       #include <db5.1/db_cxx.h>
                ^~~~~~~~~~~~~~~~
compilation terminated.
configure:9787: $? = 1
configure: failed program was:
| /* confdefs.h */
| #define PACKAGE_NAME "Bunkercoin Core"
| #define PACKAGE_TARNAME "bunkercoin"
| #define PACKAGE_VERSION "1.0.0"
| #define PACKAGE_STRING "Bunkercoin Core 1.0.0"
| #define PACKAGE_BUGREPORT "info@bunkercoin.com"
| #define PACKAGE_URL ""
| #define STDC_HEADERS 1
| #define HAVE_SYS_TYPES_H 1
| #define HAVE_SYS_STAT_H 1
| #define HAVE_STDLIB_H 1
| #define HAVE_STRING_H 1
| #define HAVE_MEMORY_H 1
| #define HAVE_STRINGS_H 1
| #define HAVE_INTTYPES_H 1
| #define HAVE_STDINT_H 1
| #define HAVE_UNISTD_H 1
| #define HAVE_PTHREAD_PRIO_INHERIT 1
| #define HAVE_PTHREAD 1
| #define HAVE_STDIO_H 1
| #define HAVE_STDLIB_H 1
| #define HAVE_UNISTD_H 1
| #define HAVE_STRINGS_H 1
| #define HAVE_SYS_TYPES_H 1
| #define HAVE_SYS_STAT_H 1
| #define HAVE_MSG_NOSIGNAL 1
| /* end confdefs.h.  */
| 
|       #include <db5.1/db_cxx.h>
| 
| int
| main ()
| {
| 
|       #if !((DB_VERSION_MAJOR == 5 && DB_VERSION_MINOR >= 1) || DB_VERSION_MAJOR > 5)
|         #error "failed to find bdb 5.1+"
|       #endif
| 
|   ;
|   return 0;
| }
configure:9787: g++ -c -g -O2 -Wall -Wextra -Wformat -Wformat-security -Wno-unused-parameter  -Wstack-protector -fstack-protector-all -fPIE  -DBOOST_SPIRIT_THREADSAFE -DHAVE_BUILD_INFO -D__STDC_FORMAT_MACROS  -U_FORTIFY_SOURCE -D_FORTIFY_SOURCE=2 conftest.cpp >&5
conftest.cpp:29:16: fatal error: bdb51/db_cxx.h: No such file or directory
       #include <bdb51/db_cxx.h>
                ^~~~~~~~~~~~~~~~
compilation terminated.
configure:9787: $? = 1
configure: failed program was:
| /* confdefs.h */
| #define PACKAGE_NAME "Bunkercoin Core"
| #define PACKAGE_TARNAME "bunkercoin"
| #define PACKAGE_VERSION "1.0.0"
| #define PACKAGE_STRING "Bunkercoin Core 1.0.0"
| #define PACKAGE_BUGREPORT "info@bunkercoin.com"
| #define PACKAGE_URL ""
| #define STDC_HEADERS 1
| #define HAVE_SYS_TYPES_H 1
| #define HAVE_SYS_STAT_H 1
| #define HAVE_STDLIB_H 1
| #define HAVE_STRING_H 1
| #define HAVE_MEMORY_H 1
| #define HAVE_STRINGS_H 1
| #define HAVE_INTTYPES_H 1
| #define HAVE_STDINT_H 1
| #define HAVE_UNISTD_H 1
| #define HAVE_PTHREAD_PRIO_INHERIT 1
| #define HAVE_PTHREAD 1
| #define HAVE_STDIO_H 1
| #define HAVE_STDLIB_H 1
| #define HAVE_UNISTD_H 1
| #define HAVE_STRINGS_H 1
| #define HAVE_SYS_TYPES_H 1
| #define HAVE_SYS_STAT_H 1
| #define HAVE_MSG_NOSIGNAL 1
| /* end confdefs.h.  */
| 
|       #include <bdb51/db_cxx.h>
| 
| int
| main ()
| {
| 
|       #if !((DB_VERSION_MAJOR == 5 && DB_VERSION_MINOR >= 1) || DB_VERSION_MAJOR > 5)
|         #error "failed to find bdb 5.1+"
|       #endif
| 
|   ;
|   return 0;
| }
configure:9787: g++ -c -g -O2 -Wall -Wextra -Wformat -Wformat-security -Wno-unused-parameter  -Wstack-protector -fstack-protector-all -fPIE  -DBOOST_SPIRIT_THREADSAFE -DHAVE_BUILD_INFO -D__STDC_FORMAT_MACROS  -U_FORTIFY_SOURCE -D_FORTIFY_SOURCE=2 conftest.cpp >&5
conftest.cpp:29:16: fatal error: libdb51/db_cxx.h: No such file or directory
       #include <libdb51/db_cxx.h>
                ^~~~~~~~~~~~~~~~~~
compilation terminated.
configure:9787: $? = 1
configure: failed program was:
| /* confdefs.h */
| #define PACKAGE_NAME "Bunkercoin Core"
| #define PACKAGE_TARNAME "bunkercoin"
| #define PACKAGE_VERSION "1.0.0"
| #define PACKAGE_STRING "Bunkercoin Core 1.0.0"
| #define PACKAGE_BUGREPORT "info@bunkercoin.com"
| #define PACKAGE_URL ""
| #define STDC_HEADERS 1
| #define HAVE_SYS_TYPES_H 1
| #define HAVE_SYS_STAT_H 1
| #define HAVE_STDLIB_H 1
| #define HAVE_STRING_H 1
| #define HAVE_MEMORY_H 1
| #define HAVE_STRINGS_H 1
| #define HAVE_INTTYPES_H 1
| #define HAVE_STDINT_H 1
| #define HAVE_UNISTD_H 1
| #define HAVE_PTHREAD_PRIO_INHERIT 1
| #define HAVE_PTHREAD 1
| #define HAVE_STDIO_H 1
| #define HAVE_STDLIB_H 1
| #define HAVE_UNISTD_H 1
| #define HAVE_STRINGS_H 1
| #define HAVE_SYS_TYPES_H 1
| #define HAVE_SYS_STAT_H 1
| #define HAVE_MSG_NOSIGNAL 1
| /* end confdefs.h.  */
| 
|       #include <libdb51/db_cxx.h>
| 
| int
| main ()
| {
| 
|       #if !((DB_VERSION_MAJOR == 5 && DB_VERSION_MINOR >= 1) || DB_VERSION_MAJOR > 5)
|         #error "failed to find bdb 5.1+"
|       #endif
| 
|   ;
|   return 0;
| }
configure:9787: g++ -c -g -O2 -Wall -Wextra -Wformat -Wformat-security -Wno-unused-parameter  -Wstack-protector -fstack-protector-all -fPIE  -DBOOST_SPIRIT_THREADSAFE -DHAVE_BUILD_INFO -D__STDC_FORMAT_MACROS  -U_FORTIFY_SOURCE -D_FORTIFY_SOURCE=2 conftest.cpp >&5
conftest.cpp:29:16: fatal error: db51/db_cxx.h: No such file or directory
       #include <db51/db_cxx.h>
                ^~~~~~~~~~~~~~~
compilation terminated.
configure:9787: $? = 1
configure: failed program was:
| /* confdefs.h */
| #define PACKAGE_NAME "Bunkercoin Core"
| #define PACKAGE_TARNAME "bunkercoin"
| #define PACKAGE_VERSION "1.0.0"
| #define PACKAGE_STRING "Bunkercoin Core 1.0.0"
| #define PACKAGE_BUGREPORT "info@bunkercoin.com"
| #define PACKAGE_URL ""
| #define STDC_HEADERS 1
| #define HAVE_SYS_TYPES_H 1
| #define HAVE_SYS_STAT_H 1
| #define HAVE_STDLIB_H 1
| #define HAVE_STRING_H 1
| #define HAVE_MEMORY_H 1
| #define HAVE_STRINGS_H 1
| #define HAVE_INTTYPES_H 1
| #define HAVE_STDINT_H 1
| #define HAVE_UNISTD_H 1
| #define HAVE_PTHREAD_PRIO_INHERIT 1
| #define HAVE_PTHREAD 1
| #define HAVE_STDIO_H 1
| #define HAVE_STDLIB_H 1
| #define HAVE_UNISTD_H 1
| #define HAVE_STRINGS_H 1
| #define HAVE_SYS_TYPES_H 1
| #define HAVE_SYS_STAT_H 1
| #define HAVE_MSG_NOSIGNAL 1
| /* end confdefs.h.  */
| 
|       #include <db51/db_cxx.h>
| 
| int
| main ()
| {
| 
|       #if !((DB_VERSION_MAJOR == 5 && DB_VERSION_MINOR >= 1) || DB_VERSION_MAJOR > 5)
|         #error "failed to find bdb 5.1+"
|       #endif
| 
|   ;
|   return 0;
| }
configure:9787: g++ -c -g -O2 -Wall -Wextra -Wformat -Wformat-security -Wno-unused-parameter  -Wstack-protector -fstack-protector-all -fPIE  -DBOOST_SPIRIT_THREADSAFE -DHAVE_BUILD_INFO -D__STDC_FORMAT_MACROS  -U_FORTIFY_SOURCE -D_FORTIFY_SOURCE=2 conftest.cpp >&5
conftest.cpp:29:16: fatal error: bdb5/db_cxx.h: No such file or directory
       #include <bdb5/db_cxx.h>
                ^~~~~~~~~~~~~~~
compilation terminated.
configure:9787: $? = 1
configure: failed program was:
| /* confdefs.h */
| #define PACKAGE_NAME "Bunkercoin Core"
| #define PACKAGE_TARNAME "bunkercoin"
| #define PACKAGE_VERSION "1.0.0"
| #define PACKAGE_STRING "Bunkercoin Core 1.0.0"
| #define PACKAGE_BUGREPORT "info@bunkercoin.com"
| #define PACKAGE_URL ""
| #define STDC_HEADERS 1
| #define HAVE_SYS_TYPES_H 1
| #define HAVE_SYS_STAT_H 1
| #define HAVE_STDLIB_H 1
| #define HAVE_STRING_H 1
| #define HAVE_MEMORY_H 1
| #define HAVE_STRINGS_H 1
| #define HAVE_INTTYPES_H 1
| #define HAVE_STDINT_H 1
| #define HAVE_UNISTD_H 1
| #define HAVE_PTHREAD_PRIO_INHERIT 1
| #define HAVE_PTHREAD 1
| #define HAVE_STDIO_H 1
| #define HAVE_STDLIB_H 1
| #define HAVE_UNISTD_H 1
| #define HAVE_STRINGS_H 1
| #define HAVE_SYS_TYPES_H 1
| #define HAVE_SYS_STAT_H 1
| #define HAVE_MSG_NOSIGNAL 1
| /* end confdefs.h.  */
| 
|       #include <bdb5/db_cxx.h>
| 
| int
| main ()
| {
| 
|       #if !((DB_VERSION_MAJOR == 5 && DB_VERSION_MINOR >= 1) || DB_VERSION_MAJOR > 5)
|         #error "failed to find bdb 5.1+"
|       #endif
| 
|   ;
|   return 0;
| }
configure:9787: g++ -c -g -O2 -Wall -Wextra -Wformat -Wformat-security -Wno-unused-parameter  -Wstack-protector -fstack-protector-all -fPIE  -DBOOST_SPIRIT_THREADSAFE -DHAVE_BUILD_INFO -D__STDC_FORMAT_MACROS  -U_FORTIFY_SOURCE -D_FORTIFY_SOURCE=2 conftest.cpp >&5
conftest.cpp:29:16: fatal error: libdb5/db_cxx.h: No such file or directory
       #include <libdb5/db_cxx.h>
                ^~~~~~~~~~~~~~~~~
compilation terminated.
configure:9787: $? = 1
configure: failed program was:
| /* confdefs.h */
| #define PACKAGE_NAME "Bunkercoin Core"
| #define PACKAGE_TARNAME "bunkercoin"
| #define PACKAGE_VERSION "1.0.0"
| #define PACKAGE_STRING "Bunkercoin Core 1.0.0"
| #define PACKAGE_BUGREPORT "info@bunkercoin.com"
| #define PACKAGE_URL ""
| #define STDC_HEADERS 1
| #define HAVE_SYS_TYPES_H 1
| #define HAVE_SYS_STAT_H 1
| #define HAVE_STDLIB_H 1
| #define HAVE_STRING_H 1
| #define HAVE_MEMORY_H 1
| #define HAVE_STRINGS_H 1
| #define HAVE_INTTYPES_H 1
| #define HAVE_STDINT_H 1
| #define HAVE_UNISTD_H 1
| #define HAVE_PTHREAD_PRIO_INHERIT 1
| #define HAVE_PTHREAD 1
| #define HAVE_STDIO_H 1
| #define HAVE_STDLIB_H 1
| #define HAVE_UNISTD_H 1
| #define HAVE_STRINGS_H 1
| #define HAVE_SYS_TYPES_H 1
| #define HAVE_SYS_STAT_H 1
| #define HAVE_MSG_NOSIGNAL 1
| /* end confdefs.h.  */
| 
|       #include <libdb5/db_cxx.h>
| 
| int
| main ()
| {
| 
|       #if !((DB_VERSION_MAJOR == 5 && DB_VERSION_MINOR >= 1) || DB_VERSION_MAJOR > 5)
|         #error "failed to find bdb 5.1+"
|       #endif
| 
|   ;
|   return 0;
| }
configure:9787: g++ -c -g -O2 -Wall -Wextra -Wformat -Wformat-security -Wno-unused-parameter  -Wstack-protector -fstack-protector-all -fPIE  -DBOOST_SPIRIT_THREADSAFE -DHAVE_BUILD_INFO -D__STDC_FORMAT_MACROS  -U_FORTIFY_SOURCE -D_FORTIFY_SOURCE=2 conftest.cpp >&5
conftest.cpp:29:16: fatal error: db5/db_cxx.h: No such file or directory
       #include <db5/db_cxx.h>
                ^~~~~~~~~~~~~~
compilation terminated.
configure:9787: $? = 1
configure: failed program was:
| /* confdefs.h */
| #define PACKAGE_NAME "Bunkercoin Core"
| #define PACKAGE_TARNAME "bunkercoin"
| #define PACKAGE_VERSION "1.0.0"
| #define PACKAGE_STRING "Bunkercoin Core 1.0.0"
| #define PACKAGE_BUGREPORT "info@bunkercoin.com"
| #define PACKAGE_URL ""
| #define STDC_HEADERS 1
| #define HAVE_SYS_TYPES_H 1
| #define HAVE_SYS_STAT_H 1
| #define HAVE_STDLIB_H 1
| #define HAVE_STRING_H 1
| #define HAVE_MEMORY_H 1
| #define HAVE_STRINGS_H 1
| #define HAVE_INTTYPES_H 1
| #define HAVE_STDINT_H 1
| #define HAVE_UNISTD_H 1
| #define HAVE_PTHREAD_PRIO_INHERIT 1
| #define HAVE_PTHREAD 1
| #define HAVE_STDIO_H 1
| #define HAVE_STDLIB_H 1
| #define HAVE_UNISTD_H 1
| #define HAVE_STRINGS_H 1
| #define HAVE_SYS_TYPES_H 1
| #define HAVE_SYS_STAT_H 1
| #define HAVE_MSG_NOSIGNAL 1
| /* end confdefs.h.  */
| 
|       #include <db5/db_cxx.h>
| 
| int
| main ()
| {
| 
|       #if !((DB_VERSION_MAJOR == 5 && DB_VERSION_MINOR >= 1) || DB_VERSION_MAJOR > 5)
|         #error "failed to find bdb 5.1+"
|       #endif
| 
|   ;
|   return 0;
| }
configure:9787: g++ -c -g -O2 -Wall -Wextra -Wformat -Wformat-security -Wno-unused-parameter  -Wstack-protector -fstack-protector-all -fPIE  -DBOOST_SPIRIT_THREADSAFE -DHAVE_BUILD_INFO -D__STDC_FORMAT_MACROS  -U_FORTIFY_SOURCE -D_FORTIFY_SOURCE=2 conftest.cpp >&5
conftest.cpp:29:16: fatal error: bdb/db_cxx.h: No such file or directory
       #include <bdb/db_cxx.h>
                ^~~~~~~~~~~~~~
compilation terminated.
configure:9787: $? = 1
configure: failed program was:
| /* confdefs.h */
| #define PACKAGE_NAME "Bunkercoin Core"
| #define PACKAGE_TARNAME "bunkercoin"
| #define PACKAGE_VERSION "1.0.0"
| #define PACKAGE_STRING "Bunkercoin Core 1.0.0"
| #define PACKAGE_BUGREPORT "info@bunkercoin.com"
| #define PACKAGE_URL ""
| #define STDC_HEADERS 1
| #define HAVE_SYS_TYPES_H 1
| #define HAVE_SYS_STAT_H 1
| #define HAVE_STDLIB_H 1
| #define HAVE_STRING_H 1
| #define HAVE_MEMORY_H 1
| #define HAVE_STRINGS_H 1
| #define HAVE_INTTYPES_H 1
| #define HAVE_STDINT_H 1
| #define HAVE_UNISTD_H 1
| #define HAVE_PTHREAD_PRIO_INHERIT 1
| #define HAVE_PTHREAD 1
| #define HAVE_STDIO_H 1
| #define HAVE_STDLIB_H 1
| #define HAVE_UNISTD_H 1
| #define HAVE_STRINGS_H 1
| #define HAVE_SYS_TYPES_H 1
| #define HAVE_SYS_STAT_H 1
| #define HAVE_MSG_NOSIGNAL 1
| /* end confdefs.h.  */
| 
|       #include <bdb/db_cxx.h>
| 
| int
| main ()
| {
| 
|       #if !((DB_VERSION_MAJOR == 5 && DB_VERSION_MINOR >= 1) || DB_VERSION_MAJOR > 5)
|         #error "failed to find bdb 5.1+"
|       #endif
| 
|   ;
|   return 0;
| }
configure:9787: g++ -c -g -O2 -Wall -Wextra -Wformat -Wformat-security -Wno-unused-parameter  -Wstack-protector -fstack-protector-all -fPIE  -DBOOST_SPIRIT_THREADSAFE -DHAVE_BUILD_INFO -D__STDC_FORMAT_MACROS  -U_FORTIFY_SOURCE -D_FORTIFY_SOURCE=2 conftest.cpp >&5
conftest.cpp:29:16: fatal error: libdb/db_cxx.h: No such file or directory
       #include <libdb/db_cxx.h>
                ^~~~~~~~~~~~~~~~
compilation terminated.
configure:9787: $? = 1
configure: failed program was:
| /* confdefs.h */
| #define PACKAGE_NAME "Bunkercoin Core"
| #define PACKAGE_TARNAME "bunkercoin"
| #define PACKAGE_VERSION "1.0.0"
| #define PACKAGE_STRING "Bunkercoin Core 1.0.0"
| #define PACKAGE_BUGREPORT "info@bunkercoin.com"
| #define PACKAGE_URL ""
| #define STDC_HEADERS 1
| #define HAVE_SYS_TYPES_H 1
| #define HAVE_SYS_STAT_H 1
| #define HAVE_STDLIB_H 1
| #define HAVE_STRING_H 1
| #define HAVE_MEMORY_H 1
| #define HAVE_STRINGS_H 1
| #define HAVE_INTTYPES_H 1
| #define HAVE_STDINT_H 1
| #define HAVE_UNISTD_H 1
| #define HAVE_PTHREAD_PRIO_INHERIT 1
| #define HAVE_PTHREAD 1
| #define HAVE_STDIO_H 1
| #define HAVE_STDLIB_H 1
| #define HAVE_UNISTD_H 1
| #define HAVE_STRINGS_H 1
| #define HAVE_SYS_TYPES_H 1
| #define HAVE_SYS_STAT_H 1
| #define HAVE_MSG_NOSIGNAL 1
| /* end confdefs.h.  */
| 
|       #include <libdb/db_cxx.h>
| 
| int
| main ()
| {
| 
|       #if !((DB_VERSION_MAJOR == 5 && DB_VERSION_MINOR >= 1) || DB_VERSION_MAJOR > 5)
|         #error "failed to find bdb 5.1+"
|       #endif
| 
|   ;
|   return 0;
| }
configure:9787: g++ -c -g -O2 -Wall -Wextra -Wformat -Wformat-security -Wno-unused-parameter  -Wstack-protector -fstack-protector-all -fPIE  -DBOOST_SPIRIT_THREADSAFE -DHAVE_BUILD_INFO -D__STDC_FORMAT_MACROS  -U_FORTIFY_SOURCE -D_FORTIFY_SOURCE=2 conftest.cpp >&5
conftest.cpp:29:16: fatal error: db/db_cxx.h: No such file or directory
       #include <db/db_cxx.h>
                ^~~~~~~~~~~~~
compilation terminated.
configure:9787: $? = 1
configure: failed program was:
| /* confdefs.h */
| #define PACKAGE_NAME "Bunkercoin Core"
| #define PACKAGE_TARNAME "bunkercoin"
| #define PACKAGE_VERSION "1.0.0"
| #define PACKAGE_STRING "Bunkercoin Core 1.0.0"
| #define PACKAGE_BUGREPORT "info@bunkercoin.com"
| #define PACKAGE_URL ""
| #define STDC_HEADERS 1
| #define HAVE_SYS_TYPES_H 1
| #define HAVE_SYS_STAT_H 1
| #define HAVE_STDLIB_H 1
| #define HAVE_STRING_H 1
| #define HAVE_MEMORY_H 1
| #define HAVE_STRINGS_H 1
| #define HAVE_INTTYPES_H 1
| #define HAVE_STDINT_H 1
| #define HAVE_UNISTD_H 1
| #define HAVE_PTHREAD_PRIO_INHERIT 1
| #define HAVE_PTHREAD 1
| #define HAVE_STDIO_H 1
| #define HAVE_STDLIB_H 1
| #define HAVE_UNISTD_H 1
| #define HAVE_STRINGS_H 1
| #define HAVE_SYS_TYPES_H 1
| #define HAVE_SYS_STAT_H 1
| #define HAVE_MSG_NOSIGNAL 1
| /* end confdefs.h.  */
| 
|       #include <db/db_cxx.h>
| 
| int
| main ()
| {
| 
|       #if !((DB_VERSION_MAJOR == 5 && DB_VERSION_MINOR >= 1) || DB_VERSION_MAJOR > 5)
|         #error "failed to find bdb 5.1+"
|       #endif
| 
|   ;
|   return 0;
| }
configure:9787: g++ -c -g -O2 -Wall -Wextra -Wformat -Wformat-security -Wno-unused-parameter  -Wstack-protector -fstack-protector-all -fPIE  -DBOOST_SPIRIT_THREADSAFE -DHAVE_BUILD_INFO -D__STDC_FORMAT_MACROS  -U_FORTIFY_SOURCE -D_FORTIFY_SOURCE=2 conftest.cpp >&5
configure:9787: $? = 0
configure:9816: g++ -c -g -O2 -Wall -Wextra -Wformat -Wformat-security -Wno-unused-parameter  -Wstack-protector -fstack-protector-all -fPIE  -DBOOST_SPIRIT_THREADSAFE -DHAVE_BUILD_INFO -D__STDC_FORMAT_MACROS  -U_FORTIFY_SOURCE -D_FORTIFY_SOURCE=2 conftest.cpp >&5
conftest.cpp:36:10: error: #error "failed to find bdb 5.1"
         #error "failed to find bdb 5.1"
          ^~~~~
configure:9816: $? = 1
configure: failed program was:
| /* confdefs.h */
| #define PACKAGE_NAME "Bunkercoin Core"
| #define PACKAGE_TARNAME "bunkercoin"
| #define PACKAGE_VERSION "1.0.0"
| #define PACKAGE_STRING "Bunkercoin Core 1.0.0"
| #define PACKAGE_BUGREPORT "info@bunkercoin.com"
| #define PACKAGE_URL ""
| #define STDC_HEADERS 1
| #define HAVE_SYS_TYPES_H 1
| #define HAVE_SYS_STAT_H 1
| #define HAVE_STDLIB_H 1
| #define HAVE_STRING_H 1
| #define HAVE_MEMORY_H 1
| #define HAVE_STRINGS_H 1
| #define HAVE_INTTYPES_H 1
| #define HAVE_STDINT_H 1
| #define HAVE_UNISTD_H 1
| #define HAVE_PTHREAD_PRIO_INHERIT 1
| #define HAVE_PTHREAD 1
| #define HAVE_STDIO_H 1
| #define HAVE_STDLIB_H 1
| #define HAVE_UNISTD_H 1
| #define HAVE_STRINGS_H 1
| #define HAVE_SYS_TYPES_H 1
| #define HAVE_SYS_STAT_H 1
| #define HAVE_MSG_NOSIGNAL 1
| /* end confdefs.h.  */
| 
|       #include <db_cxx.h>
| 
| int
| main ()
| {
| 
|       #if !(DB_VERSION_MAJOR == 5 && DB_VERSION_MINOR == 1)
|         #error "failed to find bdb 5.1"
|       #endif
| 
|   ;
|   return 0;
| }
configure:9831: result: default
configure:9847: WARNING: Found Berkeley DB other than 5.1; wallets opened by this build will not be portable!
configure:9878: checking for main in -ldb_cxx-5.1
configure:9897: g++ -o conftest -g -O2 -Wall -Wextra -Wformat -Wformat-security -Wno-unused-parameter  -Wstack-protector -fstack-protector-all -fPIE  -DBOOST_SPIRIT_THREADSAFE -DHAVE_BUILD_INFO -D__STDC_FORMAT_MACROS  -U_FORTIFY_SOURCE -D_FORTIFY_SOURCE=2   -Wl,-z,relro -Wl,-z,now -pie conftest.cpp -ldb_cxx-5.1   >&5
/usr/bin/ld: cannot find -ldb_cxx-5.1
collect2: error: ld returned 1 exit status
configure:9897: $? = 1
configure: failed program was:
| /* confdefs.h */
| #define PACKAGE_NAME "Bunkercoin Core"
| #define PACKAGE_TARNAME "bunkercoin"
| #define PACKAGE_VERSION "1.0.0"
| #define PACKAGE_STRING "Bunkercoin Core 1.0.0"
| #define PACKAGE_BUGREPORT "info@bunkercoin.com"
| #define PACKAGE_URL ""
| #define STDC_HEADERS 1
| #define HAVE_SYS_TYPES_H 1
| #define HAVE_SYS_STAT_H 1
| #define HAVE_STDLIB_H 1
| #define HAVE_STRING_H 1
| #define HAVE_MEMORY_H 1
| #define HAVE_STRINGS_H 1
| #define HAVE_INTTYPES_H 1
| #define HAVE_STDINT_H 1
| #define HAVE_UNISTD_H 1
| #define HAVE_PTHREAD_PRIO_INHERIT 1
| #define HAVE_PTHREAD 1
| #define HAVE_STDIO_H 1
| #define HAVE_STDLIB_H 1
| #define HAVE_UNISTD_H 1
| #define HAVE_STRINGS_H 1
| #define HAVE_SYS_TYPES_H 1
| #define HAVE_SYS_STAT_H 1
| #define HAVE_MSG_NOSIGNAL 1
| /* end confdefs.h.  */
| 
| 
| int
| main ()
| {
| return main ();
|   ;
|   return 0;
| }
configure:9907: result: no
configure:9878: checking for main in -ldb_cxx
configure:9897: g++ -o conftest -g -O2 -Wall -Wextra -Wformat -Wformat-security -Wno-unused-parameter  -Wstack-protector -fstack-protector-all -fPIE  -DBOOST_SPIRIT_THREADSAFE -DHAVE_BUILD_INFO -D__STDC_FORMAT_MACROS  -U_FORTIFY_SOURCE -D_FORTIFY_SOURCE=2   -Wl,-z,relro -Wl,-z,now -pie conftest.cpp -ldb_cxx   >&5
configure:9897: $? = 0
configure:9907: result: yes
configure:9928: checking miniupnpc/miniwget.h usability
configure:9928: g++ -c -g -O2 -Wall -Wextra -Wformat -Wformat-security -Wno-unused-parameter  -Wstack-protector -fstack-protector-all -fPIE  -DBOOST_SPIRIT_THREADSAFE -DHAVE_BUILD_INFO -D__STDC_FORMAT_MACROS  -U_FORTIFY_SOURCE -D_FORTIFY_SOURCE=2 conftest.cpp >&5
configure:9928: $? = 0
configure:9928: result: yes
configure:9928: checking miniupnpc/miniwget.h presence
configure:9928: g++ -E  -DBOOST_SPIRIT_THREADSAFE -DHAVE_BUILD_INFO -D__STDC_FORMAT_MACROS  -U_FORTIFY_SOURCE -D_FORTIFY_SOURCE=2 conftest.cpp
configure:9928: $? = 0
configure:9928: result: yes
configure:9928: checking for miniupnpc/miniwget.h
configure:9928: result: yes
configure:9933: checking for main in -lminiupnpc
configure:9952: g++ -o conftest -g -O2 -Wall -Wextra -Wformat -Wformat-security -Wno-unused-parameter  -Wstack-protector -fstack-protector-all -fPIE  -DBOOST_SPIRIT_THREADSAFE -DHAVE_BUILD_INFO -D__STDC_FORMAT_MACROS  -U_FORTIFY_SOURCE -D_FORTIFY_SOURCE=2   -Wl,-z,relro -Wl,-z,now -pie conftest.cpp -lminiupnpc   >&5
configure:9952: $? = 0
configure:9961: result: yes
configure:9928: checking miniupnpc/miniupnpc.h usability
configure:9928: g++ -c -g -O2 -Wall -Wextra -Wformat -Wformat-security -Wno-unused-parameter  -Wstack-protector -fstack-protector-all -fPIE  -DBOOST_SPIRIT_THREADSAFE -DHAVE_BUILD_INFO -D__STDC_FORMAT_MACROS  -U_FORTIFY_SOURCE -D_FORTIFY_SOURCE=2 conftest.cpp >&5
configure:9928: $? = 0
configure:9928: result: yes
configure:9928: checking miniupnpc/miniupnpc.h presence
configure:9928: g++ -E  -DBOOST_SPIRIT_THREADSAFE -DHAVE_BUILD_INFO -D__STDC_FORMAT_MACROS  -U_FORTIFY_SOURCE -D_FORTIFY_SOURCE=2 conftest.cpp
configure:9928: $? = 0
configure:9928: result: yes
configure:9928: checking for miniupnpc/miniupnpc.h
configure:9928: result: yes
configure:9933: checking for main in -lminiupnpc
configure:9961: result: yes
configure:9928: checking miniupnpc/upnpcommands.h usability
configure:9928: g++ -c -g -O2 -Wall -Wextra -Wformat -Wformat-security -Wno-unused-parameter  -Wstack-protector -fstack-protector-all -fPIE  -DBOOST_SPIRIT_THREADSAFE -DHAVE_BUILD_INFO -D__STDC_FORMAT_MACROS  -U_FORTIFY_SOURCE -D_FORTIFY_SOURCE=2 conftest.cpp >&5
configure:9928: $? = 0
configure:9928: result: yes
configure:9928: checking miniupnpc/upnpcommands.h presence
configure:9928: g++ -E  -DBOOST_SPIRIT_THREADSAFE -DHAVE_BUILD_INFO -D__STDC_FORMAT_MACROS  -U_FORTIFY_SOURCE -D_FORTIFY_SOURCE=2 conftest.cpp
configure:9928: $? = 0
configure:9928: result: yes
configure:9928: checking for miniupnpc/upnpcommands.h
configure:9928: result: yes
configure:9933: checking for main in -lminiupnpc
configure:9961: result: yes
configure:9928: checking miniupnpc/upnperrors.h usability
configure:9928: g++ -c -g -O2 -Wall -Wextra -Wformat -Wformat-security -Wno-unused-parameter  -Wstack-protector -fstack-protector-all -fPIE  -DBOOST_SPIRIT_THREADSAFE -DHAVE_BUILD_INFO -D__STDC_FORMAT_MACROS  -U_FORTIFY_SOURCE -D_FORTIFY_SOURCE=2 conftest.cpp >&5
configure:9928: $? = 0
configure:9928: result: yes
configure:9928: checking miniupnpc/upnperrors.h presence
configure:9928: g++ -E  -DBOOST_SPIRIT_THREADSAFE -DHAVE_BUILD_INFO -D__STDC_FORMAT_MACROS  -U_FORTIFY_SOURCE -D_FORTIFY_SOURCE=2 conftest.cpp
configure:9928: $? = 0
configure:9928: result: yes
configure:9928: checking for miniupnpc/upnperrors.h
configure:9928: result: yes
configure:9933: checking for main in -lminiupnpc
configure:9961: result: yes
configure:10031: checking for boostlib >= 1.20.0
configure:10105: g++ -c -g -O2 -Wall -Wextra -Wformat -Wformat-security -Wno-unused-parameter  -Wstack-protector -fstack-protector-all -fPIE  -DBOOST_SPIRIT_THREADSAFE -DHAVE_BUILD_INFO -D__STDC_FORMAT_MACROS  -U_FORTIFY_SOURCE -D_FORTIFY_SOURCE=2 -I/usr/include conftest.cpp >&5
configure:10105: $? = 0
configure:10107: result: yes
configure:10291: checking whether the Boost::System library is available
configure:10315: g++ -c -g -O2 -Wall -Wextra -Wformat -Wformat-security -Wno-unused-parameter  -Wstack-protector -fstack-protector-all -fPIE  -DBOOST_SPIRIT_THREADSAFE -DHAVE_BUILD_INFO -D__STDC_FORMAT_MACROS  -U_FORTIFY_SOURCE -D_FORTIFY_SOURCE=2 -I/usr/include conftest.cpp >&5
conftest.cpp: In function 'int main()':
conftest.cpp:42:3: warning: statement is a reference, not call, to function 'boost::system::system_category' [-Waddress]
   ;
   ^
conftest.cpp:42:3: warning: statement has no effect [-Wunused-value]
configure:10315: $? = 0
configure:10330: result: yes
configure:10345: checking for exit in -lboost_system
configure:10370: g++ -o conftest -g -O2 -Wall -Wextra -Wformat -Wformat-security -Wno-unused-parameter  -Wstack-protector -fstack-protector-all -fPIE  -DBOOST_SPIRIT_THREADSAFE -DHAVE_BUILD_INFO -D__STDC_FORMAT_MACROS  -U_FORTIFY_SOURCE -D_FORTIFY_SOURCE=2 -I/usr/include   -Wl,-z,relro -Wl,-z,now -pie -L/usr/lib/x86_64-linux-gnu conftest.cpp -lboost_system  -lminiupnpc -lminiupnpc -lminiupnpc -lminiupnpc  >&5
conftest.cpp:45:6: warning: declaration of 'char exit()' conflicts with built-in declaration 'void exit(int)' [-Wbuiltin-declaration-mismatch]
 char exit ();
      ^~~~
configure:10370: $? = 0
configure:10380: result: yes
configure:10535: checking whether the Boost::Filesystem library is available
configure:10559: g++ -c -g -O2 -Wall -Wextra -Wformat -Wformat-security -Wno-unused-parameter  -Wstack-protector -fstack-protector-all -fPIE  -DBOOST_SPIRIT_THREADSAFE -DHAVE_BUILD_INFO -D__STDC_FORMAT_MACROS  -U_FORTIFY_SOURCE -D_FORTIFY_SOURCE=2 -I/usr/include conftest.cpp >&5
configure:10559: $? = 0
configure:10573: result: yes
configure:10584: checking for exit in -lboost_filesystem
configure:10609: g++ -o conftest -g -O2 -Wall -Wextra -Wformat -Wformat-security -Wno-unused-parameter  -Wstack-protector -fstack-protector-all -fPIE  -DBOOST_SPIRIT_THREADSAFE -DHAVE_BUILD_INFO -D__STDC_FORMAT_MACROS  -U_FORTIFY_SOURCE -D_FORTIFY_SOURCE=2 -I/usr/include   -Wl,-z,relro -Wl,-z,now -pie -L/usr/lib/x86_64-linux-gnu conftest.cpp -lboost_filesystem  -lminiupnpc -lminiupnpc -lminiupnpc -lminiupnpc  -lboost_system >&5
conftest.cpp:46:6: warning: declaration of 'char exit()' conflicts with built-in declaration 'void exit(int)' [-Wbuiltin-declaration-mismatch]
 char exit ();
      ^~~~
configure:10609: $? = 0
configure:10619: result: yes
configure:10769: checking whether the Boost::Program_Options library is available
configure:10793: g++ -c -g -O2 -Wall -Wextra -Wformat -Wformat-security -Wno-unused-parameter  -Wstack-protector -fstack-protector-all -fPIE  -DBOOST_SPIRIT_THREADSAFE -DHAVE_BUILD_INFO -D__STDC_FORMAT_MACROS  -U_FORTIFY_SOURCE -D_FORTIFY_SOURCE=2 -I/usr/include conftest.cpp >&5
configure:10793: $? = 0
configure:10807: result: yes
configure:10818: checking for exit in -lboost_program_options
configure:10843: g++ -o conftest -g -O2 -Wall -Wextra -Wformat -Wformat-security -Wno-unused-parameter  -Wstack-protector -fstack-protector-all -fPIE  -DBOOST_SPIRIT_THREADSAFE -DHAVE_BUILD_INFO -D__STDC_FORMAT_MACROS  -U_FORTIFY_SOURCE -D_FORTIFY_SOURCE=2 -I/usr/include   -Wl,-z,relro -Wl,-z,now -pie -L/usr/lib/x86_64-linux-gnu conftest.cpp -lboost_program_options  -lminiupnpc -lminiupnpc -lminiupnpc -lminiupnpc  >&5
conftest.cpp:47:6: warning: declaration of 'char exit()' conflicts with built-in declaration 'void exit(int)' [-Wbuiltin-declaration-mismatch]
 char exit ();
      ^~~~
configure:10843: $? = 0
configure:10853: result: yes
configure:10996: checking whether the Boost::Thread library is available
configure:11028: g++ -c -pthread -g -O2 -Wall -Wextra -Wformat -Wformat-security -Wno-unused-parameter  -Wstack-protector -fstack-protector-all -fPIE  -DBOOST_SPIRIT_THREADSAFE -DHAVE_BUILD_INFO -D__STDC_FORMAT_MACROS  -U_FORTIFY_SOURCE -D_FORTIFY_SOURCE=2 -I/usr/include conftest.cpp >&5
configure:11028: $? = 0
configure:11043: result: yes
configure:11072: checking for exit in -lboost_thread
configure:11097: g++ -o conftest -g -O2 -Wall -Wextra -Wformat -Wformat-security -Wno-unused-parameter  -Wstack-protector -fstack-protector-all -fPIE  -DBOOST_SPIRIT_THREADSAFE -DHAVE_BUILD_INFO -D__STDC_FORMAT_MACROS  -U_FORTIFY_SOURCE -D_FORTIFY_SOURCE=2 -I/usr/include   -Wl,-z,relro -Wl,-z,now -pie -L/usr/lib/x86_64-linux-gnu conftest.cpp -lboost_thread  -lminiupnpc -lminiupnpc -lminiupnpc -lminiupnpc  >&5
conftest.cpp:48:6: warning: declaration of 'char exit()' conflicts with built-in declaration 'void exit(int)' [-Wbuiltin-declaration-mismatch]
 char exit ();
      ^~~~
configure:11097: $? = 0
configure:11107: result: yes
configure:11267: checking whether the Boost::Chrono library is available
configure:11291: g++ -c -g -O2 -Wall -Wextra -Wformat -Wformat-security -Wno-unused-parameter  -Wstack-protector -fstack-protector-all -fPIE  -DBOOST_SPIRIT_THREADSAFE -DHAVE_BUILD_INFO -D__STDC_FORMAT_MACROS  -U_FORTIFY_SOURCE -D_FORTIFY_SOURCE=2 -pthread -I/usr/include conftest.cpp >&5
configure:11291: $? = 0
configure:11306: result: yes
configure:11321: checking for exit in -lboost_chrono
configure:11346: g++ -o conftest -g -O2 -Wall -Wextra -Wformat -Wformat-security -Wno-unused-parameter  -Wstack-protector -fstack-protector-all -fPIE  -DBOOST_SPIRIT_THREADSAFE -DHAVE_BUILD_INFO -D__STDC_FORMAT_MACROS  -U_FORTIFY_SOURCE -D_FORTIFY_SOURCE=2 -pthread -I/usr/include   -Wl,-z,relro -Wl,-z,now -pie -L/usr/lib/x86_64-linux-gnu conftest.cpp -lboost_chrono  -lminiupnpc -lminiupnpc -lminiupnpc -lminiupnpc  >&5
conftest.cpp:49:6: warning: declaration of 'char exit()' conflicts with built-in declaration 'void exit(int)' [-Wbuiltin-declaration-mismatch]
 char exit ();
      ^~~~
configure:11346: $? = 0
configure:11356: result: yes
configure:11515: checking whether the Boost::Unit_Test_Framework library is available
configure:11538: g++ -c -g -O2 -Wall -Wextra -Wformat -Wformat-security -Wno-unused-parameter  -Wstack-protector -fstack-protector-all -fPIE  -DBOOST_SPIRIT_THREADSAFE -DHAVE_BUILD_INFO -D__STDC_FORMAT_MACROS  -U_FORTIFY_SOURCE -D_FORTIFY_SOURCE=2 -pthread -I/usr/include conftest.cpp >&5
conftest.cpp: In function 'int main()':
conftest.cpp:47:21: warning: unused variable 'test' [-Wunused-variable]
         test_suite* test= BOOST_TEST_SUITE( "Unit test example 1" ); return 0;
                     ^~~~
configure:11538: $? = 0
configure:11552: result: yes
configure:11663: checking for dynamic linked boost test
configure:11678: g++ -o conftest -g -O2 -Wall -Wextra -Wformat -Wformat-security -Wno-unused-parameter  -Wstack-protector -fstack-protector-all -fPIE  -DBOOST_SPIRIT_THREADSAFE -DHAVE_BUILD_INFO -D__STDC_FORMAT_MACROS  -U_FORTIFY_SOURCE -D_FORTIFY_SOURCE=2 -pthread -I/usr/include   -Wl,-z,relro -Wl,-z,now -pie conftest.cpp -lminiupnpc -lminiupnpc -lminiupnpc -lminiupnpc  -lboost_unit_test_framework >&5
configure:11678: $? = 0
configure:11679: result: yes
configure:11722: g++ -o conftest -g -O2 -Wall -Wextra -Wformat -Wformat-security -Wno-unused-parameter  -Wstack-protector -fstack-protector-all -fPIE  -DBOOST_SPIRIT_THREADSAFE -DHAVE_BUILD_INFO -D__STDC_FORMAT_MACROS  -U_FORTIFY_SOURCE -D_FORTIFY_SOURCE=2 -pthread -I/usr/include   -Wl,-z,relro -Wl,-z,now -pie conftest.cpp -lminiupnpc -lminiupnpc -lminiupnpc -lminiupnpc  -L/usr/lib/x86_64-linux-gnu -lboost_system -lboost_filesystem -lboost_program_options -lboost_thread -lboost_chrono  >&5
configure:11722: $? = 0
configure:11858: checking for SSL
configure:11865: $PKG_CONFIG --exists --print-errors "libssl"
configure:11868: $? = 0
configure:11882: $PKG_CONFIG --exists --print-errors "libssl"
configure:11885: $? = 0
configure:11923: result: yes
configure:11929: checking for CRYPTO
configure:11936: $PKG_CONFIG --exists --print-errors "libcrypto"
configure:11939: $? = 0
configure:11953: $PKG_CONFIG --exists --print-errors "libcrypto"
configure:11956: $? = 0
configure:11994: result: yes
configure:12003: checking for PROTOBUF
configure:12010: $PKG_CONFIG --exists --print-errors "protobuf"
configure:12013: $? = 0
configure:12027: $PKG_CONFIG --exists --print-errors "protobuf"
configure:12030: $? = 0
configure:12088: result: yes
configure:12103: checking for QR
configure:12110: $PKG_CONFIG --exists --print-errors "libqrencode"
configure:12113: $? = 0
configure:12127: $PKG_CONFIG --exists --print-errors "libqrencode"
configure:12130: $? = 0
configure:12168: result: yes
configure:12467: checking for protoc
configure:12485: found /usr/bin/protoc
configure:12497: result: /usr/bin/protoc
configure:12530: checking whether to build bunkercoind
configure:12540: result: yes
configure:12543: checking whether to build bitcoin-cli
configure:12553: result: yes
configure:12664: checking for QT
configure:12671: $PKG_CONFIG --exists --print-errors "$qt4_modules"
configure:12674: $? = 0
configure:12688: $PKG_CONFIG --exists --print-errors "$qt4_modules"
configure:12691: $? = 0
configure:12729: result: yes
configure:12908: checking for QT_TEST
configure:12915: $PKG_CONFIG --exists --print-errors "${QT_LIB_PREFIX}Test"
configure:12918: $? = 0
configure:12932: $PKG_CONFIG --exists --print-errors "${QT_LIB_PREFIX}Test"
configure:12935: $? = 0
configure:12973: result: yes
configure:12980: checking for QT_DBUS
configure:12987: $PKG_CONFIG --exists --print-errors "${QT_LIB_PREFIX}DBus"
configure:12990: $? = 0
configure:13004: $PKG_CONFIG --exists --print-errors "${QT_LIB_PREFIX}DBus"
configure:13007: $? = 0
configure:13045: result: yes
configure:14045: checking for moc-qt4
configure:14063: found /usr/bin/moc-qt4
configure:14075: result: /usr/bin/moc-qt4
configure:14163: checking for uic-qt4
configure:14181: found /usr/bin/uic-qt4
configure:14193: result: /usr/bin/uic-qt4
configure:14281: checking for rcc-qt4
configure:14314: result: no
configure:14281: checking for rcc4
configure:14314: result: no
configure:14281: checking for rcc
configure:14299: found /usr/bin/rcc
configure:14311: result: /usr/bin/rcc
configure:14399: checking for lrelease-qt4
configure:14417: found /usr/bin/lrelease-qt4
configure:14429: result: /usr/bin/lrelease-qt4
configure:14517: checking for lupdate-qt4
configure:14535: found /usr/bin/lupdate-qt4
configure:14547: result: /usr/bin/lupdate-qt4
configure:14685: checking whether to build Bunkercoin Core GUI
configure:14715: result: yes (Qt4)
configure:14732: checking for operating system IPv6 support
configure:14758: g++ -o conftest -g -O2 -Wall -Wextra -Wformat -Wformat-security -Wno-unused-parameter  -Wstack-protector -fstack-protector-all -fPIE  -DBOOST_SPIRIT_THREADSAFE -DHAVE_BUILD_INFO -D__STDC_FORMAT_MACROS  -U_FORTIFY_SOURCE -D_FORTIFY_SOURCE=2   -Wl,-z,relro -Wl,-z,now -pie conftest.cpp -lminiupnpc -lminiupnpc -lminiupnpc -lminiupnpc  -lssl -lcrypto >&5
conftest.cpp: In function 'int main()':
conftest.cpp:58:19: warning: unused variable 'ipv6Addr' [-Wunused-variable]
   struct in6_addr ipv6Addr;
                   ^~~~~~~~
conftest.cpp:59:23: warning: unused variable 'addr' [-Wunused-variable]
   struct sockaddr_in6 addr;
                       ^~~~
conftest.cpp:61:7: warning: unused variable 'temp' [-Wunused-variable]
   int temp = socket(AF_INET6, SOCK_STREAM, 0);
       ^~~~
configure:14758: $? = 0
configure:14759: result: yes
configure:14778: checking if ccache should be used
configure:14791: result: no
configure:14795: checking if wallet should be enabled
configure:14798: result: yes
configure:14811: checking whether to build with support for IPv6
configure:14821: result: yes
configure:14832: checking whether to build with support for UPnP
configure:14842: result: yes
configure:14844: checking whether to build with UPnP enabled by default
configure:14852: result: no
configure:14870: checking whether to build GUI with support for D-Bus
configure:14877: result: yes
configure:14880: checking whether to build GUI with support for QR codes
configure:14890: result: yes
configure:14907: checking whether to build test_bitcoin-qt
configure:14910: result: yes
configure:14919: checking whether to build test_bitcoin
configure:14922: result: yes
configure:15148: checking that generated files are newer than configure
configure:15154: result: done
configure:15234: creating ./config.status

## ---------------- ##
## Cache variables. ##
## ---------------- ##

ac_cv_build=x86_64-pc-linux-gnu
ac_cv_c_bigendian=no
ac_cv_c_compiler_gnu=yes
ac_cv_cxx_compiler_gnu=yes
ac_cv_env_CCC_set=
ac_cv_env_CCC_value=
ac_cv_env_CC_set=
ac_cv_env_CC_value=
ac_cv_env_CFLAGS_set=
ac_cv_env_CFLAGS_value=
ac_cv_env_CPPFLAGS_set=
ac_cv_env_CPPFLAGS_value=
ac_cv_env_CPP_set=
ac_cv_env_CPP_value=
ac_cv_env_CRYPTO_CFLAGS_set=
ac_cv_env_CRYPTO_CFLAGS_value=
ac_cv_env_CRYPTO_LIBS_set=
ac_cv_env_CRYPTO_LIBS_value=
ac_cv_env_CXXCPP_set=
ac_cv_env_CXXCPP_value=
ac_cv_env_CXXFLAGS_set=
ac_cv_env_CXXFLAGS_value=
ac_cv_env_CXX_set=
ac_cv_env_CXX_value=
ac_cv_env_LDFLAGS_set=
ac_cv_env_LDFLAGS_value=
ac_cv_env_LIBS_set=
ac_cv_env_LIBS_value=
ac_cv_env_OBJCFLAGS_set=
ac_cv_env_OBJCFLAGS_value=
ac_cv_env_OBJCXXFLAGS_set=
ac_cv_env_OBJCXXFLAGS_value=
ac_cv_env_OBJCXX_set=
ac_cv_env_OBJCXX_value=
ac_cv_env_OBJC_set=
ac_cv_env_OBJC_value=
ac_cv_env_PKG_CONFIG_LIBDIR_set=
ac_cv_env_PKG_CONFIG_LIBDIR_value=
ac_cv_env_PKG_CONFIG_PATH_set=
ac_cv_env_PKG_CONFIG_PATH_value=
ac_cv_env_PKG_CONFIG_set=
ac_cv_env_PKG_CONFIG_value=
ac_cv_env_PROTOBUF_CFLAGS_set=
ac_cv_env_PROTOBUF_CFLAGS_value=
ac_cv_env_PROTOBUF_LIBS_set=
ac_cv_env_PROTOBUF_LIBS_value=
ac_cv_env_QR_CFLAGS_set=
ac_cv_env_QR_CFLAGS_value=
ac_cv_env_QR_LIBS_set=
ac_cv_env_QR_LIBS_value=
ac_cv_env_QT_CFLAGS_set=
ac_cv_env_QT_CFLAGS_value=
ac_cv_env_QT_DBUS_CFLAGS_set=
ac_cv_env_QT_DBUS_CFLAGS_value=
ac_cv_env_QT_DBUS_LIBS_set=
ac_cv_env_QT_DBUS_LIBS_value=
ac_cv_env_QT_LIBS_set=
ac_cv_env_QT_LIBS_value=
ac_cv_env_QT_TEST_CFLAGS_set=
ac_cv_env_QT_TEST_CFLAGS_value=
ac_cv_env_QT_TEST_LIBS_set=
ac_cv_env_QT_TEST_LIBS_value=
ac_cv_env_SSL_CFLAGS_set=
ac_cv_env_SSL_CFLAGS_value=
ac_cv_env_SSL_LIBS_set=
ac_cv_env_SSL_LIBS_value=
ac_cv_env_build_alias_set=
ac_cv_env_build_alias_value=
ac_cv_env_host_alias_set=
ac_cv_env_host_alias_value=
ac_cv_env_target_alias_set=
ac_cv_env_target_alias_value=
ac_cv_header_inttypes_h=yes
ac_cv_header_memory_h=yes
ac_cv_header_miniupnpc_miniupnpc_h=yes
ac_cv_header_miniupnpc_miniwget_h=yes
ac_cv_header_miniupnpc_upnpcommands_h=yes
ac_cv_header_miniupnpc_upnperrors_h=yes
ac_cv_header_stdc=yes
ac_cv_header_stdint_h=yes
ac_cv_header_stdio_h=yes
ac_cv_header_stdlib_h=yes
ac_cv_header_string_h=yes
ac_cv_header_strings_h=yes
ac_cv_header_sys_stat_h=yes
ac_cv_header_sys_types_h=yes
ac_cv_header_unistd_h=yes
ac_cv_host=x86_64-pc-linux-gnu
ac_cv_lib_boost_chrono___exit=yes
ac_cv_lib_boost_filesystem___exit=yes
ac_cv_lib_boost_program_options___exit=yes
ac_cv_lib_boost_system___exit=yes
ac_cv_lib_boost_thread___exit=yes
ac_cv_lib_db_cxx_5_1___main=no
ac_cv_lib_db_cxx___main=yes
ac_cv_lib_miniupnpc_main=yes
ac_cv_objc_compiler_gnu=no
ac_cv_objcxx_compiler_gnu=no
ac_cv_objext=o
ac_cv_path_EGREP='/bin/grep -E'
ac_cv_path_GIT=/usr/bin/git
ac_cv_path_GREP=/bin/grep
ac_cv_path_HEXDUMP=/usr/bin/hexdump
ac_cv_path_JAVA=/usr/bin/java
ac_cv_path_LRELEASE=/usr/bin/lrelease-qt4
ac_cv_path_LUPDATE=/usr/bin/lupdate-qt4
ac_cv_path_MOC=/usr/bin/moc-qt4
ac_cv_path_PROTOC=/usr/bin/protoc
ac_cv_path_RCC=/usr/bin/rcc
ac_cv_path_SED=/bin/sed
ac_cv_path_UIC=/usr/bin/uic-qt4
ac_cv_path_XGETTEXT=/usr/bin/xgettext
ac_cv_path_ac_pt_AR=/usr/bin/ar
ac_cv_path_ac_pt_GCOV=/usr/bin/gcov
ac_cv_path_ac_pt_PKG_CONFIG=/usr/bin/pkg-config
ac_cv_path_ac_pt_RANLIB=/usr/bin/ranlib
ac_cv_path_ac_pt_STRIP=/usr/bin/strip
ac_cv_path_install='/usr/bin/install -c'
ac_cv_path_mkdir=/bin/mkdir
ac_cv_prog_AWK=mawk
ac_cv_prog_CPP='gcc -E'
ac_cv_prog_CXXCPP='g++ -E'
ac_cv_prog_ac_ct_CC=gcc
ac_cv_prog_ac_ct_CXX=g++
ac_cv_prog_ac_ct_OBJC=gcc
ac_cv_prog_ac_ct_OBJCXX=g++
ac_cv_prog_cc_c89=
ac_cv_prog_cc_g=yes
ac_cv_prog_cxx_g=yes
ac_cv_prog_make_make_set=yes
ac_cv_prog_objc_g=no
ac_cv_prog_objcxx_g=no
ac_cv_sys_file_offset_bits=no
ac_cv_sys_largefile_CC=no
am_cv_CC_dependencies_compiler_type=gcc3
am_cv_CXX_dependencies_compiler_type=gcc3
am_cv_OBJCXX_dependencies_compiler_type=gcc3
am_cv_OBJC_dependencies_compiler_type=gcc3
am_cv_make_support_nested_variables=yes
am_cv_prog_cc_c_o=yes
ax_cv_PTHREAD_PRIO_INHERIT=yes
ax_cv_boost_chrono=yes
ax_cv_boost_filesystem=yes
ax_cv_boost_program_options=yes
ax_cv_boost_system=yes
ax_cv_boost_thread=yes
ax_cv_boost_unit_test_framework=yes
ax_cv_check_cxxcppflags___D_FORTIFY_SOURCE_2=yes
ax_cv_check_cxxcppflags___U_FORTIFY_SOURCE=yes
ax_cv_check_cxxflags___Wstack_protector=yes
ax_cv_check_cxxflags___fPIE=yes
ax_cv_check_cxxflags___fstack_protector_all=yes
ax_cv_check_ldflags___Wl___dynamicbase=no
ax_cv_check_ldflags___Wl___large_address_aware=no
ax_cv_check_ldflags___Wl___nxcompat=no
ax_cv_check_ldflags___Wl__z_now=yes
ax_cv_check_ldflags___Wl__z_relro=yes
ax_cv_check_ldflags___pie=yes
pkg_cv_CRYPTO_CFLAGS=
pkg_cv_CRYPTO_LIBS=-lcrypto
pkg_cv_PROTOBUF_CFLAGS=-pthread
pkg_cv_PROTOBUF_LIBS='-lprotobuf -pthread -lpthread'
pkg_cv_QR_CFLAGS=
pkg_cv_QR_LIBS=-lqrencode
pkg_cv_QT_CFLAGS='-DQT_SHARED -I/usr/include/qt4 -I/usr/include/qt4/QtGui -I/usr/include/qt4 -I/usr/include/qt4/QtNetwork -I/usr/include/qt4 -I/usr/include/qt4/QtCore'
pkg_cv_QT_DBUS_CFLAGS='-DQT_SHARED -I/usr/include/qt4 -I/usr/include/qt4/QtDBus -I/usr/include/qt4 -I/usr/include/qt4/QtXml -I/usr/include/qt4 -I/usr/include/qt4/QtCore'
pkg_cv_QT_DBUS_LIBS='-lQtDBus -lQtXml -lQtCore'
pkg_cv_QT_LIBS='-lQtGui -lQtNetwork -lQtCore'
pkg_cv_QT_TEST_CFLAGS='-DQT_SHARED -I/usr/include/qt4 -I/usr/include/qt4/QtTest'
pkg_cv_QT_TEST_LIBS=-lQtTest
pkg_cv_SSL_CFLAGS=
pkg_cv_SSL_LIBS=-lssl

## ----------------- ##
## Output variables. ##
## ----------------- ##

ACLOCAL='${SHELL} /media/matthew/21ce0322-964c-4b9e-91cf-da0ba45b4dbd/home/idotmaster/bunkercoin/src/build-aux/missing aclocal-1.15'
AMDEPBACKSLASH='\'
AMDEP_FALSE='#'
AMDEP_TRUE=''
AMTAR='$${TAR-tar}'
AM_BACKSLASH='\'
AM_DEFAULT_V='$(AM_DEFAULT_VERBOSITY)'
AM_DEFAULT_VERBOSITY='0'
AM_V='$(V)'
AR='/usr/bin/ar'
AUTOCONF='${SHELL} /media/matthew/21ce0322-964c-4b9e-91cf-da0ba45b4dbd/home/idotmaster/bunkercoin/src/build-aux/missing autoconf'
AUTOHEADER='${SHELL} /media/matthew/21ce0322-964c-4b9e-91cf-da0ba45b4dbd/home/idotmaster/bunkercoin/src/build-aux/missing autoheader'
AUTOMAKE='${SHELL} /media/matthew/21ce0322-964c-4b9e-91cf-da0ba45b4dbd/home/idotmaster/bunkercoin/src/build-aux/missing automake-1.15'
AWK='mawk'
BDB_CPPFLAGS=''
BDB_LIBS='-ldb_cxx'
BOOST_CHRONO_LIB='-lboost_chrono '
BOOST_CPPFLAGS='-pthread -I/usr/include'
BOOST_FILESYSTEM_LIB='-lboost_filesystem'
BOOST_LDFLAGS='-L/usr/lib/x86_64-linux-gnu'
BOOST_LIBS='-L/usr/lib/x86_64-linux-gnu -lboost_system -lboost_filesystem -lboost_program_options -lboost_thread -lboost_chrono '
BOOST_PROGRAM_OPTIONS_LIB='-lboost_program_options'
BOOST_SYSTEM_LIB='-lboost_system'
BOOST_THREAD_LIB='-lboost_thread'
BOOST_UNIT_TEST_FRAMEWORK_LIB='-lboost_unit_test_framework'
BREW=''
BUILD_BITCOIND_FALSE='#'
BUILD_BITCOIND_TRUE=''
BUILD_BITCOIN_CLI_FALSE='#'
BUILD_BITCOIN_CLI_TRUE=''
BUILD_QT='qt'
BUILD_TEST='test'
BUILD_TEST_QT='test'
CC='gcc'
CCACHE=''
CCDEPMODE='depmode=gcc3'
CFLAGS='-g -O2'
CLIENT_VERSION_BUILD='0'
CLIENT_VERSION_IS_RELEASE='true'
CLIENT_VERSION_MAJOR='1'
CLIENT_VERSION_MINOR='0'
CLIENT_VERSION_REVISION='0'
COMPARISON_TOOL_REORG_TESTS='0'
COPYRIGHT_YEAR='2021'
CPP='gcc -E'
CPPFLAGS=' -DBOOST_SPIRIT_THREADSAFE -DHAVE_BUILD_INFO -D__STDC_FORMAT_MACROS  -U_FORTIFY_SOURCE -D_FORTIFY_SOURCE=2'
CRYPTO_CFLAGS=''
CRYPTO_LIBS='-lcrypto'
CXX='g++'
CXXCPP='g++ -E'
CXXDEPMODE='depmode=gcc3'
CXXFLAGS='-g -O2 -Wall -Wextra -Wformat -Wformat-security -Wno-unused-parameter  -Wstack-protector -fstack-protector-all -fPIE'
CYGPATH_W='echo'
DEFS='-DHAVE_CONFIG_H'
DEPDIR='.deps'
ECHO_C=''
ECHO_N='-n'
ECHO_T=''
EGREP='/bin/grep -E'
EMBEDDED_LEVELDB_FALSE='#'
EMBEDDED_LEVELDB_TRUE=''
ENABLE_WALLET_FALSE='#'
ENABLE_WALLET_TRUE=''
EXEEXT=''
GCOV='/usr/bin/gcov'
GENHTML=''
GIT='/usr/bin/git'
GREP='/bin/grep'
HEXDUMP='/usr/bin/hexdump'
INCLUDES=' -pthread  '
INSTALL_DATA='${INSTALL} -m 644'
INSTALL_PROGRAM='${INSTALL}'
INSTALL_SCRIPT='${INSTALL}'
INSTALL_STRIP_PROGRAM='$(install_sh) -c -s'
JAVA='/usr/bin/java'
JAVA_COMPARISON_TOOL=''
LCOV=''
LDFLAGS='  -Wl,-z,relro -Wl,-z,now -pie'
LEVELDB_CPPFLAGS=''
LEVELDB_TARGET_FLAGS=''
LIBLEVELDB=''
LIBMEMENV=''
LIBOBJS=''
LIBS='-lminiupnpc -lminiupnpc -lminiupnpc -lminiupnpc  -lssl -lcrypto'
LRELEASE='/usr/bin/lrelease-qt4'
LTLIBOBJS=''
LUPDATE='/usr/bin/lupdate-qt4'
MAINT=''
MAINTAINER_MODE_FALSE='#'
MAINTAINER_MODE_TRUE=''
MAKEINFO='${SHELL} /media/matthew/21ce0322-964c-4b9e-91cf-da0ba45b4dbd/home/idotmaster/bunkercoin/src/build-aux/missing makeinfo'
MAKENSIS=''
MKDIR_P='/bin/mkdir -p'
MOC='/usr/bin/moc-qt4'
MOC_DEFS='-DHAVE_CONFIG_H -I$(top_srcdir)/src'
OBJC='gcc'
OBJCDEPMODE='depmode=gcc3'
OBJCFLAGS=''
OBJCXX='g++'
OBJCXXDEPMODE='depmode=gcc3'
OBJCXXFLAGS='-g -O2 -Wall -Wextra -Wformat -Wformat-security -Wno-unused-parameter  -Wstack-protector -fstack-protector-all -fPIE'
OBJEXT='o'
PACKAGE='bunkercoin'
PACKAGE_BUGREPORT='info@bunkercoin.com'
PACKAGE_NAME='Bunkercoin Core'
PACKAGE_STRING='Bunkercoin Core 1.0.0'
PACKAGE_TARNAME='bunkercoin'
PACKAGE_URL=''
PACKAGE_VERSION='1.0.0'
PATH_SEPARATOR=':'
PKG_CONFIG='/usr/bin/pkg-config'
PKG_CONFIG_LIBDIR=''
PKG_CONFIG_PATH=''
PORT=''
PROTOBUF_CFLAGS='-pthread'
PROTOBUF_LIBS='-lprotobuf -pthread -lpthread'
PROTOC='/usr/bin/protoc'
PTHREAD_CC='gcc'
PTHREAD_CFLAGS='-pthread'
PTHREAD_LIBS=''
QR_CFLAGS=''
QR_LIBS='-lqrencode'
QT_CFLAGS='-DQT_SHARED -I/usr/include/qt4 -I/usr/include/qt4/QtGui -I/usr/include/qt4 -I/usr/include/qt4/QtNetwork -I/usr/include/qt4 -I/usr/include/qt4/QtCore'
QT_DBUS_CFLAGS='-DQT_SHARED -I/usr/include/qt4 -I/usr/include/qt4/QtDBus -I/usr/include/qt4 -I/usr/include/qt4/QtXml -I/usr/include/qt4 -I/usr/include/qt4/QtCore'
QT_DBUS_INCLUDES='-DQT_SHARED -I/usr/include/qt4 -I/usr/include/qt4/QtDBus -I/usr/include/qt4 -I/usr/include/qt4/QtXml -I/usr/include/qt4 -I/usr/include/qt4/QtCore'
QT_DBUS_LIBS='-lQtDBus -lQtXml -lQtCore'
QT_INCLUDES='-DQT_SHARED -I/usr/include/qt4 -I/usr/include/qt4/QtGui -I/usr/include/qt4 -I/usr/include/qt4/QtNetwork -I/usr/include/qt4 -I/usr/include/qt4/QtCore'
QT_LDFLAGS=''
QT_LIBS='-lQtGui -lQtNetwork -lQtCore'
QT_SELECT='qt4'
QT_TEST_CFLAGS='-DQT_SHARED -I/usr/include/qt4 -I/usr/include/qt4/QtTest'
QT_TEST_INCLUDES='-DQT_SHARED -I/usr/include/qt4 -I/usr/include/qt4/QtTest'
QT_TEST_LIBS='-lQtTest'
RANLIB='/usr/bin/ranlib'
RCC='/usr/bin/rcc'
SED='/bin/sed'
SET_MAKE=''
SHELL='/bin/bash'
SSL_CFLAGS=''
SSL_LIBS='-lssl'
STRIP='/usr/bin/strip'
TARGET_DARWIN_FALSE=''
TARGET_DARWIN_TRUE='#'
TARGET_WINDOWS_FALSE=''
TARGET_WINDOWS_TRUE='#'
TESTDEFS=' -DBOOST_TEST_DYN_LINK'
UIC='/usr/bin/uic-qt4'
USE_COMPARISON_TOOL_FALSE=''
USE_COMPARISON_TOOL_REORG_TESTS_FALSE='#'
USE_COMPARISON_TOOL_REORG_TESTS_TRUE=''
USE_COMPARISON_TOOL_TRUE='#'
USE_IPV6=''
USE_LCOV_FALSE=''
USE_LCOV_TRUE='#'
USE_QRCODE=''
USE_QRCODE_FALSE='#'
USE_QRCODE_TRUE=''
USE_UPNP=''
VERSION='1.0.0'
WINDOWS_BITS=''
WINDRES=''
XGETTEXT='/usr/bin/xgettext'
ac_ct_CC='gcc'
ac_ct_CXX='g++'
ac_ct_OBJC='gcc'
ac_ct_OBJCXX='g++'
am__EXEEXT_FALSE=''
am__EXEEXT_TRUE='#'
am__fastdepCC_FALSE='#'
am__fastdepCC_TRUE=''
am__fastdepCXX_FALSE='#'
am__fastdepCXX_TRUE=''
am__fastdepOBJCXX_FALSE='#'
am__fastdepOBJCXX_TRUE=''
am__fastdepOBJC_FALSE='#'
am__fastdepOBJC_TRUE=''
am__include='include'
am__isrc=''
am__leading_dot='.'
am__nodep='_no'
am__quote=''
am__tar='$${TAR-tar} chof - "$$tardir"'
am__untar='$${TAR-tar} xf -'
ax_pthread_config=''
bindir='${exec_prefix}/bin'
build='x86_64-pc-linux-gnu'
build_alias=''
build_cpu='x86_64'
build_os='linux-gnu'
build_vendor='pc'
datadir='${datarootdir}'
datarootdir='${prefix}/share'
docdir='${datarootdir}/doc/${PACKAGE_TARNAME}'
dvidir='${docdir}'
exec_prefix='${prefix}'
host='x86_64-pc-linux-gnu'
host_alias=''
host_cpu='x86_64'
host_os='linux-gnu'
host_vendor='pc'
htmldir='${docdir}'
includedir='${prefix}/include'
infodir='${datarootdir}/info'
install_sh='${SHELL} /media/matthew/21ce0322-964c-4b9e-91cf-da0ba45b4dbd/home/idotmaster/bunkercoin/src/build-aux/install-sh'
libdir='${exec_prefix}/lib'
libexecdir='${exec_prefix}/libexec'
localedir='${datarootdir}/locale'
localstatedir='${prefix}/var'
mandir='${datarootdir}/man'
mkdir_p='$(MKDIR_P)'
oldincludedir='/usr/include'
pdfdir='${docdir}'
prefix='/usr/local'
program_transform_name='s,x,x,'
psdir='${docdir}'
runstatedir='${localstatedir}/run'
sbindir='${exec_prefix}/sbin'
sharedstatedir='${prefix}/com'
sysconfdir='${prefix}/etc'
target_alias=''

## ----------- ##
## confdefs.h. ##
## ----------- ##

/* confdefs.h */
#define PACKAGE_NAME "Bunkercoin Core"
#define PACKAGE_TARNAME "bunkercoin"
#define PACKAGE_VERSION "1.0.0"
#define PACKAGE_STRING "Bunkercoin Core 1.0.0"
#define PACKAGE_BUGREPORT "info@bunkercoin.com"
#define PACKAGE_URL ""
#define STDC_HEADERS 1
#define HAVE_SYS_TYPES_H 1
#define HAVE_SYS_STAT_H 1
#define HAVE_STDLIB_H 1
#define HAVE_STRING_H 1
#define HAVE_MEMORY_H 1
#define HAVE_STRINGS_H 1
#define HAVE_INTTYPES_H 1
#define HAVE_STDINT_H 1
#define HAVE_UNISTD_H 1
#define HAVE_PTHREAD_PRIO_INHERIT 1
#define HAVE_PTHREAD 1
#define HAVE_STDIO_H 1
#define HAVE_STDLIB_H 1
#define HAVE_UNISTD_H 1
#define HAVE_STRINGS_H 1
#define HAVE_SYS_TYPES_H 1
#define HAVE_SYS_STAT_H 1
#define HAVE_MSG_NOSIGNAL 1
#define HAVE_MINIUPNPC_MINIWGET_H 1
#define HAVE_LIBMINIUPNPC 1
#define HAVE_MINIUPNPC_MINIUPNPC_H 1
#define HAVE_LIBMINIUPNPC 1
#define HAVE_MINIUPNPC_UPNPCOMMANDS_H 1
#define HAVE_LIBMINIUPNPC 1
#define HAVE_MINIUPNPC_UPNPERRORS_H 1
#define HAVE_LIBMINIUPNPC 1
#define HAVE_BOOST /**/
#define HAVE_BOOST_SYSTEM /**/
#define HAVE_BOOST_FILESYSTEM /**/
#define HAVE_BOOST_PROGRAM_OPTIONS /**/
#define HAVE_BOOST_THREAD /**/
#define HAVE_BOOST_CHRONO /**/
#define HAVE_BOOST_UNIT_TEST_FRAMEWORK /**/
#define HAVE_WORKING_BOOST_SLEEP_FOR 1
#define HAVE_IPV6 1
#define ENABLE_WALLET 1
#define USE_IPV6 1
#define USE_UPNP 0
#define USE_DBUS 1
#define USE_QRCODE 1
#define CLIENT_VERSION_MAJOR 1
#define CLIENT_VERSION_MINOR 0
#define CLIENT_VERSION_REVISION 0
#define CLIENT_VERSION_BUILD 0
#define CLIENT_VERSION_IS_RELEASE true
#define COPYRIGHT_YEAR 2021

configure: exit 0

## ---------------------- ##
## Running config.status. ##
## ---------------------- ##

This file was extended by Bunkercoin Core config.status 1.0.0, which was
generated by GNU Autoconf 2.69.  Invocation command line was

  CONFIG_FILES    = 
  CONFIG_HEADERS  = 
  CONFIG_LINKS    = 
  CONFIG_COMMANDS = 
  $ ./config.status 

on the-terminal

config.status:1026: creating Makefile
config.status:1026: creating src/Makefile
config.status:1026: creating src/test/Makefile
config.status:1026: creating src/qt/Makefile
config.status:1026: creating src/qt/test/Makefile
config.status:1026: creating share/setup.nsi
config.status:1026: creating share/qt/Info.plist
config.status:1026: creating qa/pull-tester/run-bitcoind-for-test.sh
config.status:1026: creating qa/pull-tester/build-tests.sh
config.status:1026: creating src/bitcoin-config.h
config.status:1255: executing depfiles commands

## ---------------------- ##
## Running config.status. ##
## ---------------------- ##

This file was extended by Bunkercoin Core config.status 1.0.0, which was
generated by GNU Autoconf 2.69.  Invocation command line was

  CONFIG_FILES    = 
  CONFIG_HEADERS  = 
  CONFIG_LINKS    = 
  CONFIG_COMMANDS = 
  $ ./config.status src/bitcoin-config.h

on the-terminal

config.status:1026: creating src/bitcoin-config.h
config.status:1207: src/bitcoin-config.h is unchanged
